[10/11/2017 15:13] ERROR errors on_command_error 195: CommandInvokeError
Traceback (most recent call last):
  File "C:\Users\Brenen\AppData\Local\Programs\Python\Python36-32\lib\site-packages\discord\ext\commands\core.py", line 50, in wrapped
    ret = yield from coro(*args, **kwargs)
  File "meowth\__main__.py", line 1752, in ex
    await _timerset(channel, total)
  File "meowth\__main__.py", line 1767, in _timerset
    server_dict[server]['raidchannel_dict'][raidchannel]['exp'] = expire
KeyError: <discord.channel.Channel object at 0x0536D5D0>

The above exception was the direct cause of the following exception:

Traceback (most recent call last):
  File "C:\Users\Brenen\AppData\Local\Programs\Python\Python36-32\lib\site-packages\discord\ext\commands\bot.py", line 846, in process_commands
    yield from command.invoke(ctx)
  File "C:\Users\Brenen\AppData\Local\Programs\Python\Python36-32\lib\site-packages\discord\ext\commands\core.py", line 634, in invoke
    yield from ctx.invoked_subcommand.invoke(ctx)
  File "C:\Users\Brenen\AppData\Local\Programs\Python\Python36-32\lib\site-packages\discord\ext\commands\core.py", line 374, in invoke
    yield from injected(*ctx.args, **ctx.kwargs)
  File "C:\Users\Brenen\AppData\Local\Programs\Python\Python36-32\lib\site-packages\discord\ext\commands\core.py", line 54, in wrapped
    raise CommandInvokeError(e) from e
discord.ext.commands.errors.CommandInvokeError: Command raised an exception: KeyError: <discord.channel.Channel object at 0x0536D5D0>
[10/11/2017 15:14] INFO __main__ <module> 54: Serverdict Loaded Successfully
[10/11/2017 15:14] INFO __main__ _print 586: Starting up...
[10/11/2017 15:14] INFO __main__ _print 586: Meowth! That's right!

1 servers connected.
13 members found.
[10/11/2017 15:14] INFO __main__ maint_start 592: Maintenance Tasks Started
[10/11/2017 15:14] INFO __main__ server_cleanup 550: Server_Cleanup ------ BEGIN ------
[10/11/2017 15:14] INFO __main__ server_cleanup 572: Server_Cleanup - SAVING CHANGES
[10/11/2017 15:14] INFO __main__ server_cleanup 577: Server_Cleanup ------ END ------
[10/11/2017 15:14] INFO __main__ channel_cleanup 394: Channel_Cleanup ------ BEGIN ------
[10/11/2017 15:14] INFO __main__ channel_cleanup 400: Channel_Cleanup - Server: TEST WV Pokemon Go - BEGIN CHECKING SERVER
[10/11/2017 15:14] INFO __main__ channel_cleanup 537: Channel_Cleanup - SAVING CHANGES
[10/11/2017 15:14] INFO __main__ channel_cleanup 542: Channel_Cleanup ------ END ------
[10/11/2017 15:14] ERROR errors on_command_error 195: CommandInvokeError
Traceback (most recent call last):
  File "C:\Users\Brenen\AppData\Local\Programs\Python\Python36-32\lib\site-packages\discord\ext\commands\core.py", line 50, in wrapped
    ret = yield from coro(*args, **kwargs)
  File "meowth\__main__.py", line 1753, in ex
    await _timerset(channel, total)
  File "meowth\__main__.py", line 1766, in _timerset
    server_dict[server]['raidchannel_dict'][raidchannel]['exp'] = expire
KeyError: <discord.channel.Channel object at 0x04A1D5D0>

The above exception was the direct cause of the following exception:

Traceback (most recent call last):
  File "C:\Users\Brenen\AppData\Local\Programs\Python\Python36-32\lib\site-packages\discord\ext\commands\bot.py", line 846, in process_commands
    yield from command.invoke(ctx)
  File "C:\Users\Brenen\AppData\Local\Programs\Python\Python36-32\lib\site-packages\discord\ext\commands\core.py", line 634, in invoke
    yield from ctx.invoked_subcommand.invoke(ctx)
  File "C:\Users\Brenen\AppData\Local\Programs\Python\Python36-32\lib\site-packages\discord\ext\commands\core.py", line 374, in invoke
    yield from injected(*ctx.args, **ctx.kwargs)
  File "C:\Users\Brenen\AppData\Local\Programs\Python\Python36-32\lib\site-packages\discord\ext\commands\core.py", line 54, in wrapped
    raise CommandInvokeError(e) from e
discord.ext.commands.errors.CommandInvokeError: Command raised an exception: KeyError: <discord.channel.Channel object at 0x04A1D5D0>
[10/11/2017 15:17] INFO __main__ <module> 54: Serverdict Loaded Successfully
[10/11/2017 15:17] INFO __main__ _print 586: Starting up...
[10/11/2017 15:17] INFO __main__ _print 586: Meowth! That's right!

1 servers connected.
13 members found.
[10/11/2017 15:17] INFO __main__ maint_start 592: Maintenance Tasks Started
[10/11/2017 15:17] INFO __main__ server_cleanup 550: Server_Cleanup ------ BEGIN ------
[10/11/2017 15:17] INFO __main__ server_cleanup 572: Server_Cleanup - SAVING CHANGES
[10/11/2017 15:17] INFO __main__ server_cleanup 577: Server_Cleanup ------ END ------
[10/11/2017 15:17] INFO __main__ channel_cleanup 394: Channel_Cleanup ------ BEGIN ------
[10/11/2017 15:17] INFO __main__ channel_cleanup 400: Channel_Cleanup - Server: TEST WV Pokemon Go - BEGIN CHECKING SERVER
[10/11/2017 15:17] INFO __main__ channel_cleanup 537: Channel_Cleanup - SAVING CHANGES
[10/11/2017 15:17] INFO __main__ channel_cleanup 542: Channel_Cleanup ------ END ------
[10/11/2017 15:17] ERROR errors on_command_error 195: CommandInvokeError
Traceback (most recent call last):
  File "C:\Users\Brenen\AppData\Local\Programs\Python\Python36-32\lib\site-packages\discord\ext\commands\core.py", line 50, in wrapped
    ret = yield from coro(*args, **kwargs)
  File "meowth\__main__.py", line 1752, in ex
    await _timerset(channel, total)
  File "meowth\__main__.py", line 1766, in _timerset
    server_dict[server]['raidchannel_dict'][raidchannel]['exp'] = expire
KeyError: <discord.channel.Channel object at 0x0438E588>

The above exception was the direct cause of the following exception:

Traceback (most recent call last):
  File "C:\Users\Brenen\AppData\Local\Programs\Python\Python36-32\lib\site-packages\discord\ext\commands\bot.py", line 846, in process_commands
    yield from command.invoke(ctx)
  File "C:\Users\Brenen\AppData\Local\Programs\Python\Python36-32\lib\site-packages\discord\ext\commands\core.py", line 634, in invoke
    yield from ctx.invoked_subcommand.invoke(ctx)
  File "C:\Users\Brenen\AppData\Local\Programs\Python\Python36-32\lib\site-packages\discord\ext\commands\core.py", line 374, in invoke
    yield from injected(*ctx.args, **ctx.kwargs)
  File "C:\Users\Brenen\AppData\Local\Programs\Python\Python36-32\lib\site-packages\discord\ext\commands\core.py", line 54, in wrapped
    raise CommandInvokeError(e) from e
discord.ext.commands.errors.CommandInvokeError: Command raised an exception: KeyError: <discord.channel.Channel object at 0x0438E588>
[10/11/2017 15:17] INFO __main__ <module> 54: Serverdict Loaded Successfully
[10/11/2017 15:17] INFO __main__ _print 586: Starting up...
[10/11/2017 15:17] INFO __main__ _print 586: Meowth! That's right!

1 servers connected.
13 members found.
[10/11/2017 15:17] INFO __main__ maint_start 592: Maintenance Tasks Started
[10/11/2017 15:17] INFO __main__ server_cleanup 550: Server_Cleanup ------ BEGIN ------
[10/11/2017 15:17] INFO __main__ server_cleanup 572: Server_Cleanup - SAVING CHANGES
[10/11/2017 15:17] INFO __main__ server_cleanup 577: Server_Cleanup ------ END ------
[10/11/2017 15:17] INFO __main__ channel_cleanup 394: Channel_Cleanup ------ BEGIN ------
[10/11/2017 15:17] INFO __main__ channel_cleanup 400: Channel_Cleanup - Server: TEST WV Pokemon Go - BEGIN CHECKING SERVER
[10/11/2017 15:17] INFO __main__ channel_cleanup 537: Channel_Cleanup - SAVING CHANGES
[10/11/2017 15:17] INFO __main__ channel_cleanup 542: Channel_Cleanup ------ END ------
[10/11/2017 15:18] ERROR errors on_command_error 195: CommandInvokeError
Traceback (most recent call last):
  File "C:\Users\Brenen\AppData\Local\Programs\Python\Python36-32\lib\site-packages\discord\ext\commands\core.py", line 50, in wrapped
    ret = yield from coro(*args, **kwargs)
  File "meowth\__main__.py", line 1752, in ex
    await _timerset(channel, total)
  File "meowth\__main__.py", line 1765, in _timerset
    server_dict[server]['raidchannel_dict'][raidchannel]['exp'] = expire
KeyError: <discord.channel.Channel object at 0x03F8D5D0>

The above exception was the direct cause of the following exception:

Traceback (most recent call last):
  File "C:\Users\Brenen\AppData\Local\Programs\Python\Python36-32\lib\site-packages\discord\ext\commands\bot.py", line 846, in process_commands
    yield from command.invoke(ctx)
  File "C:\Users\Brenen\AppData\Local\Programs\Python\Python36-32\lib\site-packages\discord\ext\commands\core.py", line 634, in invoke
    yield from ctx.invoked_subcommand.invoke(ctx)
  File "C:\Users\Brenen\AppData\Local\Programs\Python\Python36-32\lib\site-packages\discord\ext\commands\core.py", line 374, in invoke
    yield from injected(*ctx.args, **ctx.kwargs)
  File "C:\Users\Brenen\AppData\Local\Programs\Python\Python36-32\lib\site-packages\discord\ext\commands\core.py", line 54, in wrapped
    raise CommandInvokeError(e) from e
discord.ext.commands.errors.CommandInvokeError: Command raised an exception: KeyError: <discord.channel.Channel object at 0x03F8D5D0>
[10/11/2017 15:19] INFO __main__ <module> 54: Serverdict Loaded Successfully
[10/11/2017 15:19] INFO __main__ _print 586: Starting up...
[10/11/2017 15:19] INFO __main__ _print 586: Meowth! That's right!

1 servers connected.
13 members found.
[10/11/2017 15:19] INFO __main__ maint_start 592: Maintenance Tasks Started
[10/11/2017 15:19] INFO __main__ server_cleanup 550: Server_Cleanup ------ BEGIN ------
[10/11/2017 15:19] INFO __main__ server_cleanup 572: Server_Cleanup - SAVING CHANGES
[10/11/2017 15:19] INFO __main__ server_cleanup 577: Server_Cleanup ------ END ------
[10/11/2017 15:19] INFO __main__ channel_cleanup 394: Channel_Cleanup ------ BEGIN ------
[10/11/2017 15:19] INFO __main__ channel_cleanup 400: Channel_Cleanup - Server: TEST WV Pokemon Go - BEGIN CHECKING SERVER
[10/11/2017 15:19] INFO __main__ channel_cleanup 537: Channel_Cleanup - SAVING CHANGES
[10/11/2017 15:19] INFO __main__ channel_cleanup 542: Channel_Cleanup ------ END ------
[10/11/2017 15:19] INFO __main__ expiry_check 267: Expiry_Check - entei-test
[10/11/2017 15:19] INFO __main__ expiry_check 272: Expire_Channel - Channel Added To Watchlist - entei-test
[10/11/2017 15:20] INFO __main__ expiry_check 267: Expiry_Check - entei-test
[10/11/2017 15:20] INFO __main__ <module> 54: Serverdict Loaded Successfully
[10/11/2017 15:20] INFO __main__ expiry_check 267: Expiry_Check - entei-test
[10/11/2017 15:20] INFO __main__ expiry_check 272: Expire_Channel - Channel Added To Watchlist - entei-test
[10/11/2017 15:20] INFO __main__ _print 586: Starting up...
[10/11/2017 15:20] INFO __main__ _print 586: Meowth! That's right!

1 servers connected.
13 members found.
[10/11/2017 15:20] INFO __main__ maint_start 592: Maintenance Tasks Started
[10/11/2017 15:20] INFO __main__ server_cleanup 550: Server_Cleanup ------ BEGIN ------
[10/11/2017 15:20] INFO __main__ server_cleanup 572: Server_Cleanup - SAVING CHANGES
[10/11/2017 15:20] INFO __main__ server_cleanup 577: Server_Cleanup ------ END ------
[10/11/2017 15:20] INFO __main__ channel_cleanup 394: Channel_Cleanup ------ BEGIN ------
[10/11/2017 15:20] INFO __main__ channel_cleanup 400: Channel_Cleanup - Server: TEST WV Pokemon Go - BEGIN CHECKING SERVER
[10/11/2017 15:20] INFO __main__ channel_cleanup 411: Channel_Cleanup - Server: TEST WV Pokemon Go: Channel:entei-test - CHECKING
[10/11/2017 15:20] INFO __main__ channel_cleanup 421: Channel_Cleanup - Server: TEST WV Pokemon Go: Channel:entei-test - EXISTS IN DISCORD
[10/11/2017 15:20] INFO __main__ channel_cleanup 537: Channel_Cleanup - SAVING CHANGES
[10/11/2017 15:20] INFO __main__ channel_cleanup 542: Channel_Cleanup ------ END ------
[10/11/2017 15:20] INFO __main__ expiry_check 267: Expiry_Check - entei-test
[10/11/2017 15:21] INFO __main__ <module> 54: Serverdict Loaded Successfully
[10/11/2017 15:21] INFO __main__ _print 586: Starting up...
[10/11/2017 15:21] INFO __main__ _print 586: Meowth! That's right!

1 servers connected.
13 members found.
[10/11/2017 15:21] INFO __main__ maint_start 592: Maintenance Tasks Started
[10/11/2017 15:21] INFO __main__ server_cleanup 550: Server_Cleanup ------ BEGIN ------
[10/11/2017 15:21] INFO __main__ server_cleanup 572: Server_Cleanup - SAVING CHANGES
[10/11/2017 15:21] INFO __main__ server_cleanup 577: Server_Cleanup ------ END ------
[10/11/2017 15:21] INFO __main__ channel_cleanup 394: Channel_Cleanup ------ BEGIN ------
[10/11/2017 15:21] INFO __main__ channel_cleanup 400: Channel_Cleanup - Server: TEST WV Pokemon Go - BEGIN CHECKING SERVER
[10/11/2017 15:21] INFO __main__ channel_cleanup 411: Channel_Cleanup - Server: TEST WV Pokemon Go: Channel:entei-test - CHECKING
[10/11/2017 15:21] INFO __main__ channel_cleanup 421: Channel_Cleanup - Server: TEST WV Pokemon Go: Channel:entei-test - EXISTS IN DISCORD
[10/11/2017 15:21] INFO __main__ channel_cleanup 502: Channel_Cleanup - Server: TEST WV Pokemon Go: Channel:entei-test - MISSING FROM EXPIRY CHECK
[10/11/2017 15:21] INFO __main__ channel_cleanup 537: Channel_Cleanup - SAVING CHANGES
[10/11/2017 15:21] INFO __main__ channel_cleanup 542: Channel_Cleanup ------ END ------
[10/11/2017 15:21] INFO __main__ expiry_check 267: Expiry_Check - entei-test
[10/11/2017 15:21] INFO __main__ expiry_check 272: Expire_Channel - Channel Added To Watchlist - entei-test
[10/11/2017 15:21] INFO __main__ expiry_check 267: Expiry_Check - entei-test
[10/11/2017 15:21] INFO __main__ <module> 54: Serverdict Loaded Successfully
[10/11/2017 15:21] INFO __main__ _print 586: Starting up...
[10/11/2017 15:21] INFO __main__ _print 586: Meowth! That's right!

1 servers connected.
13 members found.
[10/11/2017 15:21] INFO __main__ maint_start 592: Maintenance Tasks Started
[10/11/2017 15:21] INFO __main__ server_cleanup 550: Server_Cleanup ------ BEGIN ------
[10/11/2017 15:21] INFO __main__ server_cleanup 572: Server_Cleanup - SAVING CHANGES
[10/11/2017 15:21] INFO __main__ server_cleanup 577: Server_Cleanup ------ END ------
[10/11/2017 15:21] INFO __main__ channel_cleanup 394: Channel_Cleanup ------ BEGIN ------
[10/11/2017 15:21] INFO __main__ channel_cleanup 400: Channel_Cleanup - Server: TEST WV Pokemon Go - BEGIN CHECKING SERVER
[10/11/2017 15:21] INFO __main__ channel_cleanup 411: Channel_Cleanup - Server: TEST WV Pokemon Go: Channel:entei-test - CHECKING
[10/11/2017 15:21] INFO __main__ channel_cleanup 421: Channel_Cleanup - Server: TEST WV Pokemon Go: Channel:entei-test - EXISTS IN DISCORD
[10/11/2017 15:21] INFO __main__ channel_cleanup 502: Channel_Cleanup - Server: TEST WV Pokemon Go: Channel:entei-test - MISSING FROM EXPIRY CHECK
[10/11/2017 15:21] INFO __main__ channel_cleanup 537: Channel_Cleanup - SAVING CHANGES
[10/11/2017 15:21] INFO __main__ channel_cleanup 542: Channel_Cleanup ------ END ------
[10/11/2017 15:21] INFO __main__ expiry_check 267: Expiry_Check - entei-test
[10/11/2017 15:21] INFO __main__ expiry_check 272: Expire_Channel - Channel Added To Watchlist - entei-test
[10/11/2017 15:21] INFO __main__ expiry_check 267: Expiry_Check - entei-test
[10/11/2017 15:23] INFO __main__ <module> 54: Serverdict Loaded Successfully
[10/11/2017 15:23] INFO __main__ _print 586: Starting up...
[10/11/2017 15:23] INFO __main__ _print 586: Meowth! That's right!

1 servers connected.
13 members found.
[10/11/2017 15:23] INFO __main__ maint_start 592: Maintenance Tasks Started
[10/11/2017 15:23] INFO __main__ server_cleanup 550: Server_Cleanup ------ BEGIN ------
[10/11/2017 15:23] INFO __main__ server_cleanup 572: Server_Cleanup - SAVING CHANGES
[10/11/2017 15:23] INFO __main__ server_cleanup 577: Server_Cleanup ------ END ------
[10/11/2017 15:23] INFO __main__ channel_cleanup 394: Channel_Cleanup ------ BEGIN ------
[10/11/2017 15:23] INFO __main__ channel_cleanup 400: Channel_Cleanup - Server: TEST WV Pokemon Go - BEGIN CHECKING SERVER
[10/11/2017 15:23] INFO __main__ channel_cleanup 411: Channel_Cleanup - Server: TEST WV Pokemon Go: Channel:entei-test - CHECKING
[10/11/2017 15:23] INFO __main__ channel_cleanup 421: Channel_Cleanup - Server: TEST WV Pokemon Go: Channel:entei-test - EXISTS IN DISCORD
[10/11/2017 15:23] INFO __main__ channel_cleanup 502: Channel_Cleanup - Server: TEST WV Pokemon Go: Channel:entei-test - MISSING FROM EXPIRY CHECK
[10/11/2017 15:23] INFO __main__ channel_cleanup 537: Channel_Cleanup - SAVING CHANGES
[10/11/2017 15:23] INFO __main__ channel_cleanup 542: Channel_Cleanup ------ END ------
[10/11/2017 15:23] INFO __main__ expiry_check 267: Expiry_Check - entei-test
[10/11/2017 15:23] INFO __main__ expiry_check 272: Expire_Channel - Channel Added To Watchlist - entei-test
[10/11/2017 15:27] INFO __main__ <module> 54: Serverdict Loaded Successfully
[10/11/2017 15:27] INFO __main__ _print 586: Starting up...
[10/11/2017 15:27] INFO __main__ _print 586: Meowth! That's right!

1 servers connected.
13 members found.
[10/11/2017 15:27] INFO __main__ maint_start 592: Maintenance Tasks Started
[10/11/2017 15:27] INFO __main__ server_cleanup 550: Server_Cleanup ------ BEGIN ------
[10/11/2017 15:27] INFO __main__ server_cleanup 572: Server_Cleanup - SAVING CHANGES
[10/11/2017 15:27] INFO __main__ server_cleanup 577: Server_Cleanup ------ END ------
[10/11/2017 15:27] INFO __main__ channel_cleanup 394: Channel_Cleanup ------ BEGIN ------
[10/11/2017 15:27] INFO __main__ channel_cleanup 400: Channel_Cleanup - Server: TEST WV Pokemon Go - BEGIN CHECKING SERVER
[10/11/2017 15:27] INFO __main__ channel_cleanup 411: Channel_Cleanup - Server: TEST WV Pokemon Go: Channel:entei-test - CHECKING
[10/11/2017 15:27] INFO __main__ channel_cleanup 421: Channel_Cleanup - Server: TEST WV Pokemon Go: Channel:entei-test - EXISTS IN DISCORD
[10/11/2017 15:27] INFO __main__ channel_cleanup 502: Channel_Cleanup - Server: TEST WV Pokemon Go: Channel:entei-test - MISSING FROM EXPIRY CHECK
[10/11/2017 15:27] INFO __main__ channel_cleanup 537: Channel_Cleanup - SAVING CHANGES
[10/11/2017 15:27] INFO __main__ channel_cleanup 542: Channel_Cleanup ------ END ------
[10/11/2017 15:27] INFO __main__ expiry_check 267: Expiry_Check - entei-test
[10/11/2017 15:27] INFO __main__ expiry_check 272: Expire_Channel - Channel Added To Watchlist - entei-test
[10/11/2017 15:27] INFO __main__ <module> 54: Serverdict Loaded Successfully
[10/11/2017 15:27] INFO __main__ _print 586: Starting up...
[10/11/2017 15:27] INFO __main__ _print 586: Meowth! That's right!

1 servers connected.
13 members found.
[10/11/2017 15:27] INFO __main__ maint_start 592: Maintenance Tasks Started
[10/11/2017 15:27] INFO __main__ server_cleanup 550: Server_Cleanup ------ BEGIN ------
[10/11/2017 15:27] INFO __main__ server_cleanup 572: Server_Cleanup - SAVING CHANGES
[10/11/2017 15:27] INFO __main__ server_cleanup 577: Server_Cleanup ------ END ------
[10/11/2017 15:27] INFO __main__ channel_cleanup 394: Channel_Cleanup ------ BEGIN ------
[10/11/2017 15:27] INFO __main__ channel_cleanup 400: Channel_Cleanup - Server: TEST WV Pokemon Go - BEGIN CHECKING SERVER
[10/11/2017 15:27] INFO __main__ channel_cleanup 411: Channel_Cleanup - Server: TEST WV Pokemon Go: Channel:entei-test - CHECKING
[10/11/2017 15:27] INFO __main__ channel_cleanup 421: Channel_Cleanup - Server: TEST WV Pokemon Go: Channel:entei-test - EXISTS IN DISCORD
[10/11/2017 15:27] INFO __main__ channel_cleanup 502: Channel_Cleanup - Server: TEST WV Pokemon Go: Channel:entei-test - MISSING FROM EXPIRY CHECK
[10/11/2017 15:27] INFO __main__ channel_cleanup 537: Channel_Cleanup - SAVING CHANGES
[10/11/2017 15:27] INFO __main__ channel_cleanup 542: Channel_Cleanup ------ END ------
[10/11/2017 15:27] INFO __main__ expiry_check 267: Expiry_Check - entei-test
[10/11/2017 15:27] INFO __main__ expiry_check 272: Expire_Channel - Channel Added To Watchlist - entei-test
[10/11/2017 15:27] ERROR errors on_command_error 195: CommandInvokeError
Traceback (most recent call last):
  File "C:\Users\Brenen\AppData\Local\Programs\Python\Python36-32\lib\site-packages\discord\ext\commands\core.py", line 50, in wrapped
    ret = yield from coro(*args, **kwargs)
  File "meowth\__main__.py", line 1742, in ex
    print(server_dict[server]['raidchannel_dict'][channel]['type'])
KeyError: <discord.channel.Channel object at 0x04497B70>

The above exception was the direct cause of the following exception:

Traceback (most recent call last):
  File "C:\Users\Brenen\AppData\Local\Programs\Python\Python36-32\lib\site-packages\discord\ext\commands\bot.py", line 846, in process_commands
    yield from command.invoke(ctx)
  File "C:\Users\Brenen\AppData\Local\Programs\Python\Python36-32\lib\site-packages\discord\ext\commands\core.py", line 634, in invoke
    yield from ctx.invoked_subcommand.invoke(ctx)
  File "C:\Users\Brenen\AppData\Local\Programs\Python\Python36-32\lib\site-packages\discord\ext\commands\core.py", line 374, in invoke
    yield from injected(*ctx.args, **ctx.kwargs)
  File "C:\Users\Brenen\AppData\Local\Programs\Python\Python36-32\lib\site-packages\discord\ext\commands\core.py", line 54, in wrapped
    raise CommandInvokeError(e) from e
discord.ext.commands.errors.CommandInvokeError: Command raised an exception: KeyError: <discord.channel.Channel object at 0x04497B70>
[10/11/2017 15:28] INFO __main__ expiry_check 267: Expiry_Check - exraid-egg-test
[10/11/2017 15:28] INFO __main__ expiry_check 272: Expire_Channel - Channel Added To Watchlist - exraid-egg-test
[10/11/2017 15:28] INFO __main__ expiry_check 267: Expiry_Check - exraid-egg-test
[10/11/2017 15:28] INFO __main__ expiry_check 267: Expiry_Check - mewtwo-test
[10/11/2017 15:28] INFO __main__ <module> 54: Serverdict Loaded Successfully
[10/11/2017 15:28] INFO __main__ _print 586: Starting up...
[10/11/2017 15:28] INFO __main__ _print 586: Meowth! That's right!

1 servers connected.
13 members found.
[10/11/2017 15:28] INFO __main__ maint_start 592: Maintenance Tasks Started
[10/11/2017 15:28] INFO __main__ server_cleanup 550: Server_Cleanup ------ BEGIN ------
[10/11/2017 15:28] INFO __main__ server_cleanup 572: Server_Cleanup - SAVING CHANGES
[10/11/2017 15:28] INFO __main__ server_cleanup 577: Server_Cleanup ------ END ------
[10/11/2017 15:28] INFO __main__ channel_cleanup 394: Channel_Cleanup ------ BEGIN ------
[10/11/2017 15:28] INFO __main__ channel_cleanup 400: Channel_Cleanup - Server: TEST WV Pokemon Go - BEGIN CHECKING SERVER
[10/11/2017 15:28] INFO __main__ channel_cleanup 411: Channel_Cleanup - Server: TEST WV Pokemon Go: Channel:entei-test - CHECKING
[10/11/2017 15:28] INFO __main__ channel_cleanup 421: Channel_Cleanup - Server: TEST WV Pokemon Go: Channel:entei-test - EXISTS IN DISCORD
[10/11/2017 15:28] INFO __main__ channel_cleanup 502: Channel_Cleanup - Server: TEST WV Pokemon Go: Channel:entei-test - MISSING FROM EXPIRY CHECK
[10/11/2017 15:28] INFO __main__ channel_cleanup 411: Channel_Cleanup - Server: TEST WV Pokemon Go: Channel:exraid-egg-test - CHECKING
[10/11/2017 15:28] INFO __main__ channel_cleanup 421: Channel_Cleanup - Server: TEST WV Pokemon Go: Channel:exraid-egg-test - EXISTS IN DISCORD
[10/11/2017 15:28] INFO __main__ channel_cleanup 470: Channel_Cleanup - Server: TEST WV Pokemon Go: Channel:exraid-egg-test - EXRAID - CONVERTED TO EXPIRY None
[10/11/2017 15:28] INFO __main__ channel_cleanup 474: Channel_Cleanup - Server: TEST WV Pokemon Go: Channel:exraid-egg-test - EXRAID
[10/11/2017 15:28] INFO __main__ channel_cleanup 537: Channel_Cleanup - SAVING CHANGES
[10/11/2017 15:28] INFO __main__ channel_cleanup 542: Channel_Cleanup ------ END ------
[10/11/2017 15:28] INFO __main__ expiry_check 267: Expiry_Check - entei-test
[10/11/2017 15:28] INFO __main__ expiry_check 272: Expire_Channel - Channel Added To Watchlist - entei-test
[10/11/2017 15:28] INFO __main__ expiry_check 267: Expiry_Check - mewtwo-test
[10/11/2017 15:28] INFO __main__ expiry_check 272: Expire_Channel - Channel Added To Watchlist - mewtwo-test
[10/11/2017 15:34] INFO __main__ <module> 54: Serverdict Loaded Successfully
[10/11/2017 15:34] INFO __main__ _print 586: Starting up...
[10/11/2017 15:34] INFO __main__ _print 586: Meowth! That's right!

1 servers connected.
13 members found.
[10/11/2017 15:34] INFO __main__ maint_start 592: Maintenance Tasks Started
[10/11/2017 15:34] INFO __main__ server_cleanup 550: Server_Cleanup ------ BEGIN ------
[10/11/2017 15:34] INFO __main__ server_cleanup 572: Server_Cleanup - SAVING CHANGES
[10/11/2017 15:34] INFO __main__ server_cleanup 577: Server_Cleanup ------ END ------
[10/11/2017 15:34] INFO __main__ channel_cleanup 394: Channel_Cleanup ------ BEGIN ------
[10/11/2017 15:34] INFO __main__ channel_cleanup 400: Channel_Cleanup - Server: TEST WV Pokemon Go - BEGIN CHECKING SERVER
[10/11/2017 15:34] INFO __main__ channel_cleanup 411: Channel_Cleanup - Server: TEST WV Pokemon Go: Channel:entei-test - CHECKING
[10/11/2017 15:34] INFO __main__ channel_cleanup 421: Channel_Cleanup - Server: TEST WV Pokemon Go: Channel:entei-test - EXISTS IN DISCORD
[10/11/2017 15:34] INFO __main__ channel_cleanup 502: Channel_Cleanup - Server: TEST WV Pokemon Go: Channel:entei-test - MISSING FROM EXPIRY CHECK
[10/11/2017 15:34] INFO __main__ channel_cleanup 411: Channel_Cleanup - Server: TEST WV Pokemon Go: Channel:exraid-egg-test - CHECKING
[10/11/2017 15:34] INFO __main__ channel_cleanup 421: Channel_Cleanup - Server: TEST WV Pokemon Go: Channel:exraid-egg-test - EXISTS IN DISCORD
[10/11/2017 15:34] INFO __main__ channel_cleanup 470: Channel_Cleanup - Server: TEST WV Pokemon Go: Channel:exraid-egg-test - EXRAID - CONVERTED TO EXPIRY None
[10/11/2017 15:34] INFO __main__ channel_cleanup 474: Channel_Cleanup - Server: TEST WV Pokemon Go: Channel:exraid-egg-test - EXRAID
[10/11/2017 15:34] INFO __main__ channel_cleanup 537: Channel_Cleanup - SAVING CHANGES
[10/11/2017 15:34] INFO __main__ channel_cleanup 542: Channel_Cleanup ------ END ------
[10/11/2017 15:34] INFO __main__ expiry_check 267: Expiry_Check - entei-test
[10/11/2017 15:34] INFO __main__ expiry_check 272: Expire_Channel - Channel Added To Watchlist - entei-test
[10/11/2017 15:34] INFO __main__ expiry_check 267: Expiry_Check - exraid-egg-test
[10/11/2017 15:34] INFO __main__ expiry_check 272: Expire_Channel - Channel Added To Watchlist - exraid-egg-test
[10/11/2017 15:34] INFO __main__ expiry_check 267: Expiry_Check - exraid-egg-test
[10/11/2017 15:34] INFO __main__ expiry_check 267: Expiry_Check - level-4-egg-test
[10/11/2017 15:34] INFO __main__ expiry_check 272: Expire_Channel - Channel Added To Watchlist - level-4-egg-test
[10/11/2017 15:34] INFO __main__ expiry_check 293: Expire_Channel - Channel Expired And Removed From Watchlist - level-4-egg-test
[10/11/2017 15:34] INFO __main__ expiry_check 267: Expiry_Check - level-4-egg-test
[10/11/2017 15:34] INFO __main__ expiry_check 272: Expire_Channel - Channel Added To Watchlist - level-4-egg-test
[10/11/2017 15:34] INFO __main__ expiry_check 293: Expire_Channel - Channel Expired And Removed From Watchlist - level-4-egg-test
[10/11/2017 15:34] INFO __main__ expire_channel 304: Expire_Channel - level-4-egg-test
[10/11/2017 15:34] INFO __main__ expire_channel 323: Expire_Channel - Channel Expired - level-4-egg-test
[10/11/2017 15:34] INFO __main__ expire_channel 304: Expire_Channel - level-4-egg-test
[10/11/2017 15:34] INFO __main__ expire_channel 323: Expire_Channel - Channel Expired - level-4-egg-test
[10/11/2017 15:34] INFO __main__ expiry_check 267: Expiry_Check - golem-test
[10/11/2017 15:34] INFO __main__ expiry_check 272: Expire_Channel - Channel Added To Watchlist - golem-test
[10/11/2017 15:44] INFO __main__ channel_cleanup 394: Channel_Cleanup ------ BEGIN ------
[10/11/2017 15:44] INFO __main__ channel_cleanup 400: Channel_Cleanup - Server: TEST WV Pokemon Go - BEGIN CHECKING SERVER
[10/11/2017 15:44] INFO __main__ channel_cleanup 411: Channel_Cleanup - Server: TEST WV Pokemon Go: Channel:entei-test - CHECKING
[10/11/2017 15:44] INFO __main__ channel_cleanup 421: Channel_Cleanup - Server: TEST WV Pokemon Go: Channel:entei-test - EXISTS IN DISCORD
[10/11/2017 15:44] INFO __main__ channel_cleanup 411: Channel_Cleanup - Server: TEST WV Pokemon Go: Channel:exraid-egg-test - CHECKING
[10/11/2017 15:44] INFO __main__ channel_cleanup 421: Channel_Cleanup - Server: TEST WV Pokemon Go: Channel:exraid-egg-test - EXISTS IN DISCORD
[10/11/2017 15:44] INFO __main__ channel_cleanup 474: Channel_Cleanup - Server: TEST WV Pokemon Go: Channel:exraid-egg-test - EXRAID
[10/11/2017 15:44] INFO __main__ channel_cleanup 411: Channel_Cleanup - Server: TEST WV Pokemon Go: Channel:exraid-egg-test - CHECKING
[10/11/2017 15:44] INFO __main__ channel_cleanup 421: Channel_Cleanup - Server: TEST WV Pokemon Go: Channel:exraid-egg-test - EXISTS IN DISCORD
[10/11/2017 15:44] INFO __main__ channel_cleanup 474: Channel_Cleanup - Server: TEST WV Pokemon Go: Channel:exraid-egg-test - EXRAID
[10/11/2017 15:44] INFO __main__ channel_cleanup 411: Channel_Cleanup - Server: TEST WV Pokemon Go: Channel:level-4-egg-test - CHECKING
[10/11/2017 15:44] INFO __main__ channel_cleanup 421: Channel_Cleanup - Server: TEST WV Pokemon Go: Channel:level-4-egg-test - EXISTS IN DISCORD
[10/11/2017 15:44] INFO __main__ channel_cleanup 537: Channel_Cleanup - SAVING CHANGES
[10/11/2017 15:44] INFO __main__ channel_cleanup 542: Channel_Cleanup ------ END ------
[10/11/2017 15:54] INFO __main__ channel_cleanup 394: Channel_Cleanup ------ BEGIN ------
[10/11/2017 15:54] INFO __main__ channel_cleanup 400: Channel_Cleanup - Server: TEST WV Pokemon Go - BEGIN CHECKING SERVER
[10/11/2017 15:54] INFO __main__ channel_cleanup 411: Channel_Cleanup - Server: TEST WV Pokemon Go: Channel:entei-test - CHECKING
[10/11/2017 15:54] INFO __main__ channel_cleanup 421: Channel_Cleanup - Server: TEST WV Pokemon Go: Channel:entei-test - EXISTS IN DISCORD
[10/11/2017 15:54] INFO __main__ channel_cleanup 411: Channel_Cleanup - Server: TEST WV Pokemon Go: Channel:exraid-egg-test - CHECKING
[10/11/2017 15:54] INFO __main__ channel_cleanup 421: Channel_Cleanup - Server: TEST WV Pokemon Go: Channel:exraid-egg-test - EXISTS IN DISCORD
[10/11/2017 15:54] INFO __main__ channel_cleanup 474: Channel_Cleanup - Server: TEST WV Pokemon Go: Channel:exraid-egg-test - EXRAID
[10/11/2017 15:54] INFO __main__ channel_cleanup 411: Channel_Cleanup - Server: TEST WV Pokemon Go: Channel:exraid-egg-test - CHECKING
[10/11/2017 15:54] INFO __main__ channel_cleanup 421: Channel_Cleanup - Server: TEST WV Pokemon Go: Channel:exraid-egg-test - EXISTS IN DISCORD
[10/11/2017 15:54] INFO __main__ channel_cleanup 474: Channel_Cleanup - Server: TEST WV Pokemon Go: Channel:exraid-egg-test - EXRAID
[10/11/2017 15:54] INFO __main__ channel_cleanup 411: Channel_Cleanup - Server: TEST WV Pokemon Go: Channel:level-4-egg-test - CHECKING
[10/11/2017 15:54] INFO __main__ channel_cleanup 421: Channel_Cleanup - Server: TEST WV Pokemon Go: Channel:level-4-egg-test - EXISTS IN DISCORD
[10/11/2017 15:54] INFO __main__ channel_cleanup 537: Channel_Cleanup - SAVING CHANGES
[10/11/2017 15:54] INFO __main__ channel_cleanup 542: Channel_Cleanup ------ END ------
[12/11/2017 13:53] INFO __main__ <module> 54: Serverdict Loaded Successfully
[12/11/2017 13:53] INFO __main__ _print 586: Starting up...
[12/11/2017 13:53] INFO __main__ _print 586: Meowth! That's right!

1 servers connected.
13 members found.
[12/11/2017 13:53] INFO __main__ maint_start 592: Maintenance Tasks Started
[12/11/2017 13:53] INFO __main__ server_cleanup 550: Server_Cleanup ------ BEGIN ------
[12/11/2017 13:53] INFO __main__ server_cleanup 572: Server_Cleanup - SAVING CHANGES
[12/11/2017 13:53] INFO __main__ server_cleanup 577: Server_Cleanup ------ END ------
[12/11/2017 13:53] INFO __main__ channel_cleanup 394: Channel_Cleanup ------ BEGIN ------
[12/11/2017 13:53] INFO __main__ channel_cleanup 400: Channel_Cleanup - Server: TEST WV Pokemon Go - BEGIN CHECKING SERVER
[12/11/2017 13:53] INFO __main__ channel_cleanup 411: Channel_Cleanup - Server: TEST WV Pokemon Go: Channel:entei-test - CHECKING
[12/11/2017 13:53] INFO __main__ channel_cleanup 418: Channel_Cleanup - Server: TEST WV Pokemon Go: Channel:entei-test - DOESN'T EXIST IN DISCORD
[12/11/2017 13:53] INFO __main__ channel_cleanup 411: Channel_Cleanup - Server: TEST WV Pokemon Go: Channel:exraid-egg-test - CHECKING
[12/11/2017 13:53] INFO __main__ channel_cleanup 418: Channel_Cleanup - Server: TEST WV Pokemon Go: Channel:exraid-egg-test - DOESN'T EXIST IN DISCORD
[12/11/2017 13:53] INFO __main__ channel_cleanup 411: Channel_Cleanup - Server: TEST WV Pokemon Go: Channel:exraid-egg-test - CHECKING
[12/11/2017 13:53] INFO __main__ channel_cleanup 418: Channel_Cleanup - Server: TEST WV Pokemon Go: Channel:exraid-egg-test - DOESN'T EXIST IN DISCORD
[12/11/2017 13:53] INFO __main__ channel_cleanup 411: Channel_Cleanup - Server: TEST WV Pokemon Go: Channel:level-4-egg-test - CHECKING
[12/11/2017 13:53] INFO __main__ channel_cleanup 418: Channel_Cleanup - Server: TEST WV Pokemon Go: Channel:level-4-egg-test - DOESN'T EXIST IN DISCORD
[12/11/2017 13:53] INFO __main__ channel_cleanup 510: Channel_Cleanup - Channel Savedata Cleared - entei-test
[12/11/2017 13:53] INFO __main__ channel_cleanup 517: Channel_Cleanup - Channel Deleted - entei-test
[12/11/2017 13:53] INFO __main__ channel_cleanup 510: Channel_Cleanup - Channel Savedata Cleared - exraid-egg-test
[12/11/2017 13:53] INFO __main__ channel_cleanup 517: Channel_Cleanup - Channel Deleted - exraid-egg-test
[12/11/2017 13:53] INFO __main__ channel_cleanup 510: Channel_Cleanup - Channel Savedata Cleared - exraid-egg-test
[12/11/2017 13:53] INFO __main__ channel_cleanup 517: Channel_Cleanup - Channel Deleted - exraid-egg-test
[12/11/2017 13:53] INFO __main__ channel_cleanup 510: Channel_Cleanup - Channel Savedata Cleared - level-4-egg-test
[12/11/2017 13:53] INFO __main__ channel_cleanup 517: Channel_Cleanup - Channel Deleted - level-4-egg-test
[12/11/2017 13:53] INFO __main__ channel_cleanup 537: Channel_Cleanup - SAVING CHANGES
[12/11/2017 13:53] INFO __main__ channel_cleanup 542: Channel_Cleanup ------ END ------
[12/11/2017 13:53] ERROR errors on_command_error 195: CommandInvokeError
Traceback (most recent call last):
  File "C:\Users\Brenen\AppData\Local\Programs\Python\Python36-32\lib\site-packages\discord\ext\commands\core.py", line 50, in wrapped
    ret = yield from coro(*args, **kwargs)
  File "meowth\__main__.py", line 669, in test
    raid_embed = discord.Embed(description=_("Meowth! Click here for directions to the raid!"),colour=message.server.me.colour)
NameError: name 'message' is not defined

The above exception was the direct cause of the following exception:

Traceback (most recent call last):
  File "C:\Users\Brenen\AppData\Local\Programs\Python\Python36-32\lib\site-packages\discord\ext\commands\bot.py", line 846, in process_commands
    yield from command.invoke(ctx)
  File "C:\Users\Brenen\AppData\Local\Programs\Python\Python36-32\lib\site-packages\discord\ext\commands\core.py", line 374, in invoke
    yield from injected(*ctx.args, **ctx.kwargs)
  File "C:\Users\Brenen\AppData\Local\Programs\Python\Python36-32\lib\site-packages\discord\ext\commands\core.py", line 54, in wrapped
    raise CommandInvokeError(e) from e
discord.ext.commands.errors.CommandInvokeError: Command raised an exception: NameError: name 'message' is not defined
[12/11/2017 13:54] INFO __main__ <module> 54: Serverdict Loaded Successfully
[12/11/2017 13:54] ERROR errors on_command_error 195: CommandInvokeError
Traceback (most recent call last):
  File "C:\Users\Brenen\AppData\Local\Programs\Python\Python36-32\lib\site-packages\discord\ext\commands\core.py", line 50, in wrapped
    ret = yield from coro(*args, **kwargs)
  File "meowth\__main__.py", line 671, in test
    await Meowth.send_message(ctx.message.channel, embed=raid_embed)
  File "C:\Users\Brenen\AppData\Local\Programs\Python\Python36-32\lib\site-packages\discord\client.py", line 1152, in send_message
    data = yield from self.http.send_message(channel_id, content, guild_id=guild_id, tts=tts, embed=embed)
  File "C:\Users\Brenen\AppData\Local\Programs\Python\Python36-32\lib\site-packages\discord\http.py", line 200, in request
    raise HTTPException(r, data)
discord.errors.HTTPException: BAD REQUEST (status code: 400)

The above exception was the direct cause of the following exception:

Traceback (most recent call last):
  File "C:\Users\Brenen\AppData\Local\Programs\Python\Python36-32\lib\site-packages\discord\ext\commands\bot.py", line 846, in process_commands
    yield from command.invoke(ctx)
  File "C:\Users\Brenen\AppData\Local\Programs\Python\Python36-32\lib\site-packages\discord\ext\commands\core.py", line 374, in invoke
    yield from injected(*ctx.args, **ctx.kwargs)
  File "C:\Users\Brenen\AppData\Local\Programs\Python\Python36-32\lib\site-packages\discord\ext\commands\core.py", line 54, in wrapped
    raise CommandInvokeError(e) from e
discord.ext.commands.errors.CommandInvokeError: Command raised an exception: HTTPException: BAD REQUEST (status code: 400)
[12/11/2017 13:54] INFO __main__ _print 586: Starting up...
[12/11/2017 13:54] INFO __main__ _print 586: Meowth! That's right!

1 servers connected.
13 members found.
[12/11/2017 13:54] INFO __main__ maint_start 592: Maintenance Tasks Started
[12/11/2017 13:54] INFO __main__ server_cleanup 550: Server_Cleanup ------ BEGIN ------
[12/11/2017 13:54] INFO __main__ server_cleanup 572: Server_Cleanup - SAVING CHANGES
[12/11/2017 13:54] INFO __main__ server_cleanup 577: Server_Cleanup ------ END ------
[12/11/2017 13:54] INFO __main__ channel_cleanup 394: Channel_Cleanup ------ BEGIN ------
[12/11/2017 13:54] INFO __main__ channel_cleanup 400: Channel_Cleanup - Server: TEST WV Pokemon Go - BEGIN CHECKING SERVER
[12/11/2017 13:54] INFO __main__ channel_cleanup 537: Channel_Cleanup - SAVING CHANGES
[12/11/2017 13:54] INFO __main__ channel_cleanup 542: Channel_Cleanup ------ END ------
[12/11/2017 14:04] INFO __main__ channel_cleanup 394: Channel_Cleanup ------ BEGIN ------
[12/11/2017 14:04] INFO __main__ channel_cleanup 400: Channel_Cleanup - Server: TEST WV Pokemon Go - BEGIN CHECKING SERVER
[12/11/2017 14:04] INFO __main__ channel_cleanup 537: Channel_Cleanup - SAVING CHANGES
[12/11/2017 14:04] INFO __main__ channel_cleanup 542: Channel_Cleanup ------ END ------
[12/11/2017 14:14] INFO __main__ channel_cleanup 394: Channel_Cleanup ------ BEGIN ------
[12/11/2017 14:14] INFO __main__ channel_cleanup 400: Channel_Cleanup - Server: TEST WV Pokemon Go - BEGIN CHECKING SERVER
[12/11/2017 14:14] INFO __main__ channel_cleanup 537: Channel_Cleanup - SAVING CHANGES
[12/11/2017 14:14] INFO __main__ channel_cleanup 542: Channel_Cleanup ------ END ------
[12/11/2017 14:15] INFO __main__ <module> 54: Serverdict Loaded Successfully
[12/11/2017 14:15] INFO __main__ _print 586: Starting up...
[12/11/2017 14:15] INFO __main__ _print 586: Meowth! That's right!

1 servers connected.
13 members found.
[12/11/2017 14:15] INFO __main__ maint_start 592: Maintenance Tasks Started
[12/11/2017 14:15] INFO __main__ server_cleanup 550: Server_Cleanup ------ BEGIN ------
[12/11/2017 14:15] INFO __main__ server_cleanup 572: Server_Cleanup - SAVING CHANGES
[12/11/2017 14:15] INFO __main__ server_cleanup 577: Server_Cleanup ------ END ------
[12/11/2017 14:15] INFO __main__ channel_cleanup 394: Channel_Cleanup ------ BEGIN ------
[12/11/2017 14:15] INFO __main__ channel_cleanup 400: Channel_Cleanup - Server: TEST WV Pokemon Go - BEGIN CHECKING SERVER
[12/11/2017 14:15] INFO __main__ channel_cleanup 537: Channel_Cleanup - SAVING CHANGES
[12/11/2017 14:15] INFO __main__ channel_cleanup 542: Channel_Cleanup ------ END ------
[12/11/2017 14:15] INFO __main__ expiry_check 267: Expiry_Check - level-2-egg-test
[12/11/2017 14:15] INFO __main__ expiry_check 272: Expire_Channel - Channel Added To Watchlist - level-2-egg-test
[12/11/2017 14:15] INFO __main__ expiry_check 267: Expiry_Check - level-2-egg-test
[12/11/2017 14:16] INFO __main__ expiry_check 293: Expire_Channel - Channel Expired And Removed From Watchlist - level-2-egg-test
[12/11/2017 14:16] INFO __main__ expire_channel 304: Expire_Channel - level-2-egg-test
[12/11/2017 14:16] INFO __main__ expire_channel 323: Expire_Channel - Channel Expired - level-2-egg-test
[12/11/2017 14:17] INFO __main__ <module> 54: Serverdict Loaded Successfully
[12/11/2017 14:17] INFO __main__ _print 586: Starting up...
[12/11/2017 14:17] INFO __main__ _print 586: Meowth! That's right!

1 servers connected.
13 members found.
[12/11/2017 14:17] INFO __main__ maint_start 592: Maintenance Tasks Started
[12/11/2017 14:17] INFO __main__ server_cleanup 550: Server_Cleanup ------ BEGIN ------
[12/11/2017 14:17] INFO __main__ server_cleanup 572: Server_Cleanup - SAVING CHANGES
[12/11/2017 14:17] INFO __main__ server_cleanup 577: Server_Cleanup ------ END ------
[12/11/2017 14:17] INFO __main__ channel_cleanup 394: Channel_Cleanup ------ BEGIN ------
[12/11/2017 14:17] INFO __main__ channel_cleanup 400: Channel_Cleanup - Server: TEST WV Pokemon Go - BEGIN CHECKING SERVER
[12/11/2017 14:17] INFO __main__ channel_cleanup 411: Channel_Cleanup - Server: TEST WV Pokemon Go: Channel:level-2-egg-test - CHECKING
[12/11/2017 14:17] INFO __main__ channel_cleanup 421: Channel_Cleanup - Server: TEST WV Pokemon Go: Channel:level-2-egg-test - EXISTS IN DISCORD
[12/11/2017 14:17] INFO __main__ channel_cleanup 454: Channel_Cleanup - Server: TEST WV Pokemon Go: Channel:level-2-egg-test - = RECENTLY EXPIRED NONACTIVE RAID
[12/11/2017 14:17] INFO __main__ channel_cleanup 537: Channel_Cleanup - SAVING CHANGES
[12/11/2017 14:17] INFO __main__ channel_cleanup 542: Channel_Cleanup ------ END ------
[12/11/2017 14:17] INFO __main__ expire_channel 304: Expire_Channel - level-2-egg-test
[12/11/2017 14:17] INFO __main__ expire_channel 323: Expire_Channel - Channel Expired - level-2-egg-test
[12/11/2017 14:17] INFO __main__ expiry_check 267: Expiry_Check - level-2-egg-test
[12/11/2017 14:17] INFO __main__ expiry_check 272: Expire_Channel - Channel Added To Watchlist - level-2-egg-test
[12/11/2017 14:17] INFO __main__ expiry_check 267: Expiry_Check - level-2-egg-test
[12/11/2017 14:18] INFO __main__ expiry_check 293: Expire_Channel - Channel Expired And Removed From Watchlist - level-2-egg-test
[12/11/2017 14:18] INFO __main__ expire_channel 304: Expire_Channel - level-2-egg-test
[12/11/2017 14:18] INFO __main__ expire_channel 323: Expire_Channel - Channel Expired - level-2-egg-test
[12/11/2017 14:18] INFO __main__ expiry_check 267: Expiry_Check - exraid-egg-test
[12/11/2017 14:18] INFO __main__ expiry_check 272: Expire_Channel - Channel Added To Watchlist - exraid-egg-test
[12/11/2017 14:18] INFO __main__ expiry_check 267: Expiry_Check - exraid-egg-test
[12/11/2017 14:19] INFO __main__ expiry_check 267: Expiry_Check - exraid-egg-test
[12/11/2017 14:19] INFO __main__ expiry_check 272: Expire_Channel - Channel Added To Watchlist - exraid-egg-test
[12/11/2017 14:19] INFO __main__ expiry_check 267: Expiry_Check - exraid-egg-test
[12/11/2017 14:19] INFO __main__ expiry_check 267: Expiry_Check - exraid-egg-test
[12/11/2017 14:19] INFO __main__ expiry_check 272: Expire_Channel - Channel Added To Watchlist - exraid-egg-test
[12/11/2017 14:19] INFO __main__ expiry_check 267: Expiry_Check - exraid-egg-test
[12/11/2017 14:19] INFO __main__ <module> 54: Serverdict Loaded Successfully
[12/11/2017 14:19] INFO __main__ _print 586: Starting up...
[12/11/2017 14:19] INFO __main__ _print 586: Meowth! That's right!

1 servers connected.
13 members found.
[12/11/2017 14:19] INFO __main__ maint_start 592: Maintenance Tasks Started
[12/11/2017 14:19] INFO __main__ server_cleanup 550: Server_Cleanup ------ BEGIN ------
[12/11/2017 14:19] INFO __main__ server_cleanup 572: Server_Cleanup - SAVING CHANGES
[12/11/2017 14:19] INFO __main__ server_cleanup 577: Server_Cleanup ------ END ------
[12/11/2017 14:19] INFO __main__ channel_cleanup 394: Channel_Cleanup ------ BEGIN ------
[12/11/2017 14:19] INFO __main__ channel_cleanup 400: Channel_Cleanup - Server: TEST WV Pokemon Go - BEGIN CHECKING SERVER
[12/11/2017 14:19] INFO __main__ channel_cleanup 411: Channel_Cleanup - Server: TEST WV Pokemon Go: Channel:level-2-egg-test - CHECKING
[12/11/2017 14:19] INFO __main__ channel_cleanup 421: Channel_Cleanup - Server: TEST WV Pokemon Go: Channel:level-2-egg-test - EXISTS IN DISCORD
[12/11/2017 14:19] INFO __main__ channel_cleanup 454: Channel_Cleanup - Server: TEST WV Pokemon Go: Channel:level-2-egg-test - = RECENTLY EXPIRED NONACTIVE RAID
[12/11/2017 14:19] INFO __main__ channel_cleanup 411: Channel_Cleanup - Server: TEST WV Pokemon Go: Channel:level-2-egg-test - CHECKING
[12/11/2017 14:19] INFO __main__ channel_cleanup 421: Channel_Cleanup - Server: TEST WV Pokemon Go: Channel:level-2-egg-test - EXISTS IN DISCORD
[12/11/2017 14:19] INFO __main__ channel_cleanup 454: Channel_Cleanup - Server: TEST WV Pokemon Go: Channel:level-2-egg-test - = RECENTLY EXPIRED NONACTIVE RAID
[12/11/2017 14:19] INFO __main__ channel_cleanup 411: Channel_Cleanup - Server: TEST WV Pokemon Go: Channel:exraid-egg-test - CHECKING
[12/11/2017 14:19] INFO __main__ channel_cleanup 421: Channel_Cleanup - Server: TEST WV Pokemon Go: Channel:exraid-egg-test - EXISTS IN DISCORD
[12/11/2017 14:19] INFO __main__ channel_cleanup 474: Channel_Cleanup - Server: TEST WV Pokemon Go: Channel:exraid-egg-test - EXRAID
[12/11/2017 14:19] INFO __main__ channel_cleanup 411: Channel_Cleanup - Server: TEST WV Pokemon Go: Channel:exraid-egg-test - CHECKING
[12/11/2017 14:19] INFO __main__ channel_cleanup 421: Channel_Cleanup - Server: TEST WV Pokemon Go: Channel:exraid-egg-test - EXISTS IN DISCORD
[12/11/2017 14:19] INFO __main__ channel_cleanup 474: Channel_Cleanup - Server: TEST WV Pokemon Go: Channel:exraid-egg-test - EXRAID
[12/11/2017 14:19] INFO __main__ channel_cleanup 411: Channel_Cleanup - Server: TEST WV Pokemon Go: Channel:exraid-egg-test - CHECKING
[12/11/2017 14:19] INFO __main__ channel_cleanup 421: Channel_Cleanup - Server: TEST WV Pokemon Go: Channel:exraid-egg-test - EXISTS IN DISCORD
[12/11/2017 14:19] INFO __main__ channel_cleanup 474: Channel_Cleanup - Server: TEST WV Pokemon Go: Channel:exraid-egg-test - EXRAID
[12/11/2017 14:19] INFO __main__ channel_cleanup 537: Channel_Cleanup - SAVING CHANGES
[12/11/2017 14:19] INFO __main__ channel_cleanup 542: Channel_Cleanup ------ END ------
[12/11/2017 14:19] INFO __main__ expire_channel 304: Expire_Channel - level-2-egg-test
[12/11/2017 14:19] INFO __main__ expire_channel 323: Expire_Channel - Channel Expired - level-2-egg-test
[12/11/2017 14:19] INFO __main__ expire_channel 304: Expire_Channel - level-2-egg-test
[12/11/2017 14:19] INFO __main__ expire_channel 323: Expire_Channel - Channel Expired - level-2-egg-test
[12/11/2017 14:20] INFO __main__ expiry_check 267: Expiry_Check - exraid-egg-test
[12/11/2017 14:20] INFO __main__ expiry_check 272: Expire_Channel - Channel Added To Watchlist - exraid-egg-test
[12/11/2017 14:20] INFO __main__ expiry_check 267: Expiry_Check - exraid-egg-test
[12/11/2017 14:29] INFO __main__ channel_cleanup 394: Channel_Cleanup ------ BEGIN ------
[12/11/2017 14:29] INFO __main__ channel_cleanup 400: Channel_Cleanup - Server: TEST WV Pokemon Go - BEGIN CHECKING SERVER
[12/11/2017 14:29] INFO __main__ channel_cleanup 411: Channel_Cleanup - Server: TEST WV Pokemon Go: Channel:level-2-egg-test - CHECKING
[12/11/2017 14:29] INFO __main__ channel_cleanup 421: Channel_Cleanup - Server: TEST WV Pokemon Go: Channel:level-2-egg-test - EXISTS IN DISCORD
[12/11/2017 14:29] INFO __main__ channel_cleanup 454: Channel_Cleanup - Server: TEST WV Pokemon Go: Channel:level-2-egg-test - = RECENTLY EXPIRED NONACTIVE RAID
[12/11/2017 14:29] INFO __main__ channel_cleanup 411: Channel_Cleanup - Server: TEST WV Pokemon Go: Channel:level-2-egg-test - CHECKING
[12/11/2017 14:29] INFO __main__ channel_cleanup 421: Channel_Cleanup - Server: TEST WV Pokemon Go: Channel:level-2-egg-test - EXISTS IN DISCORD
[12/11/2017 14:29] INFO __main__ channel_cleanup 454: Channel_Cleanup - Server: TEST WV Pokemon Go: Channel:level-2-egg-test - = RECENTLY EXPIRED NONACTIVE RAID
[12/11/2017 14:29] INFO __main__ channel_cleanup 411: Channel_Cleanup - Server: TEST WV Pokemon Go: Channel:exraid-egg-test - CHECKING
[12/11/2017 14:29] INFO __main__ channel_cleanup 418: Channel_Cleanup - Server: TEST WV Pokemon Go: Channel:exraid-egg-test - DOESN'T EXIST IN DISCORD
[12/11/2017 14:29] INFO __main__ channel_cleanup 411: Channel_Cleanup - Server: TEST WV Pokemon Go: Channel:exraid-egg-test - CHECKING
[12/11/2017 14:29] INFO __main__ channel_cleanup 418: Channel_Cleanup - Server: TEST WV Pokemon Go: Channel:exraid-egg-test - DOESN'T EXIST IN DISCORD
[12/11/2017 14:29] INFO __main__ channel_cleanup 411: Channel_Cleanup - Server: TEST WV Pokemon Go: Channel:exraid-egg-test - CHECKING
[12/11/2017 14:29] INFO __main__ channel_cleanup 418: Channel_Cleanup - Server: TEST WV Pokemon Go: Channel:exraid-egg-test - DOESN'T EXIST IN DISCORD
[12/11/2017 14:29] INFO __main__ channel_cleanup 411: Channel_Cleanup - Server: TEST WV Pokemon Go: Channel:exraid-egg-test - CHECKING
[12/11/2017 14:29] INFO __main__ channel_cleanup 418: Channel_Cleanup - Server: TEST WV Pokemon Go: Channel:exraid-egg-test - DOESN'T EXIST IN DISCORD
[12/11/2017 14:29] INFO __main__ channel_cleanup 510: Channel_Cleanup - Channel Savedata Cleared - exraid-egg-test
[12/11/2017 14:29] INFO __main__ channel_cleanup 517: Channel_Cleanup - Channel Deleted - exraid-egg-test
[12/11/2017 14:29] INFO __main__ channel_cleanup 510: Channel_Cleanup - Channel Savedata Cleared - exraid-egg-test
[12/11/2017 14:29] INFO __main__ channel_cleanup 517: Channel_Cleanup - Channel Deleted - exraid-egg-test
[12/11/2017 14:29] INFO __main__ channel_cleanup 510: Channel_Cleanup - Channel Savedata Cleared - exraid-egg-test
[12/11/2017 14:29] INFO __main__ channel_cleanup 517: Channel_Cleanup - Channel Deleted - exraid-egg-test
[12/11/2017 14:29] INFO __main__ channel_cleanup 510: Channel_Cleanup - Channel Savedata Cleared - exraid-egg-test
[12/11/2017 14:29] INFO __main__ channel_cleanup 517: Channel_Cleanup - Channel Deleted - exraid-egg-test
[12/11/2017 14:29] INFO __main__ channel_cleanup 537: Channel_Cleanup - SAVING CHANGES
[12/11/2017 14:29] INFO __main__ channel_cleanup 542: Channel_Cleanup ------ END ------
[12/11/2017 14:29] INFO __main__ expire_channel 304: Expire_Channel - level-2-egg-test
[12/11/2017 14:29] INFO __main__ expire_channel 323: Expire_Channel - Channel Expired - level-2-egg-test
[12/11/2017 14:29] INFO __main__ expire_channel 304: Expire_Channel - level-2-egg-test
[12/11/2017 14:29] INFO __main__ expire_channel 323: Expire_Channel - Channel Expired - level-2-egg-test
[12/11/2017 14:31] INFO __main__ expire_channel 377: Expire_Channel - Channel Deleted - level-2-egg-test
[12/11/2017 14:33] INFO __main__ expire_channel 377: Expire_Channel - Channel Deleted - level-2-egg-test
[13/11/2017 11:47] INFO __main__ <module> 54: Serverdict Loaded Successfully
[13/11/2017 11:47] INFO __main__ _print 586: Starting up...
[13/11/2017 11:47] INFO __main__ _print 586: Meowth! That's right!

1 servers connected.
13 members found.
[13/11/2017 11:47] INFO __main__ maint_start 592: Maintenance Tasks Started
[13/11/2017 11:47] INFO __main__ server_cleanup 550: Server_Cleanup ------ BEGIN ------
[13/11/2017 11:47] INFO __main__ server_cleanup 572: Server_Cleanup - SAVING CHANGES
[13/11/2017 11:47] INFO __main__ server_cleanup 577: Server_Cleanup ------ END ------
[13/11/2017 11:47] INFO __main__ channel_cleanup 394: Channel_Cleanup ------ BEGIN ------
[13/11/2017 11:47] INFO __main__ channel_cleanup 400: Channel_Cleanup - Server: TEST WV Pokemon Go - BEGIN CHECKING SERVER
[13/11/2017 11:47] INFO __main__ channel_cleanup 537: Channel_Cleanup - SAVING CHANGES
[13/11/2017 11:47] INFO __main__ channel_cleanup 542: Channel_Cleanup ------ END ------
[13/11/2017 11:47] INFO __main__ <module> 54: Serverdict Loaded Successfully
[13/11/2017 11:47] INFO __main__ _print 586: Starting up...
[13/11/2017 11:47] INFO __main__ _print 586: Meowth! That's right!

1 servers connected.
13 members found.
[13/11/2017 11:47] INFO __main__ maint_start 592: Maintenance Tasks Started
[13/11/2017 11:47] INFO __main__ server_cleanup 550: Server_Cleanup ------ BEGIN ------
[13/11/2017 11:47] INFO __main__ server_cleanup 572: Server_Cleanup - SAVING CHANGES
[13/11/2017 11:47] INFO __main__ server_cleanup 577: Server_Cleanup ------ END ------
[13/11/2017 11:47] INFO __main__ channel_cleanup 394: Channel_Cleanup ------ BEGIN ------
[13/11/2017 11:47] INFO __main__ channel_cleanup 400: Channel_Cleanup - Server: TEST WV Pokemon Go - BEGIN CHECKING SERVER
[13/11/2017 11:47] INFO __main__ channel_cleanup 537: Channel_Cleanup - SAVING CHANGES
[13/11/2017 11:47] INFO __main__ channel_cleanup 542: Channel_Cleanup ------ END ------
[13/11/2017 11:47] INFO __main__ expiry_check 267: Expiry_Check - entei-test
[13/11/2017 11:47] INFO __main__ expiry_check 272: Expire_Channel - Channel Added To Watchlist - entei-test
[13/11/2017 11:50] INFO __main__ expiry_check 267: Expiry_Check - suicune-test
[13/11/2017 11:50] INFO __main__ expiry_check 272: Expire_Channel - Channel Added To Watchlist - suicune-test
[13/11/2017 11:50] INFO __main__ expiry_check 267: Expiry_Check - raikou-test
[13/11/2017 11:50] INFO __main__ expiry_check 272: Expire_Channel - Channel Added To Watchlist - raikou-test
[13/11/2017 11:51] ERROR errors on_command_error 195: CommandInvokeError
Traceback (most recent call last):
  File "C:\Users\Brenen\AppData\Local\Programs\Python\Python36-32\lib\site-packages\discord\ext\commands\core.py", line 50, in wrapped
    ret = yield from coro(*args, **kwargs)
  File "meowth\__main__.py", line 1990, in exraid
    await _exraid(ctx)
  File "meowth\__main__.py", line 2084, in _exraid
    await _eggtoraid(get_name(egg_info['pokemon'][0]).lower(), raid_channel)
  File "meowth\__main__.py", line 2269, in _eggtoraid
    gymhuntrgps = eggdetails['gymhuntrgps']
KeyError: 'gymhuntrgps'

The above exception was the direct cause of the following exception:

Traceback (most recent call last):
  File "C:\Users\Brenen\AppData\Local\Programs\Python\Python36-32\lib\site-packages\discord\ext\commands\bot.py", line 846, in process_commands
    yield from command.invoke(ctx)
  File "C:\Users\Brenen\AppData\Local\Programs\Python\Python36-32\lib\site-packages\discord\ext\commands\core.py", line 374, in invoke
    yield from injected(*ctx.args, **ctx.kwargs)
  File "C:\Users\Brenen\AppData\Local\Programs\Python\Python36-32\lib\site-packages\discord\ext\commands\core.py", line 54, in wrapped
    raise CommandInvokeError(e) from e
discord.ext.commands.errors.CommandInvokeError: Command raised an exception: KeyError: 'gymhuntrgps'
[13/11/2017 11:53] INFO __main__ <module> 54: Serverdict Loaded Successfully
[13/11/2017 11:53] INFO __main__ _print 586: Starting up...
[13/11/2017 11:53] INFO __main__ _print 586: Meowth! That's right!

1 servers connected.
13 members found.
[13/11/2017 11:53] INFO __main__ maint_start 592: Maintenance Tasks Started
[13/11/2017 11:53] INFO __main__ server_cleanup 550: Server_Cleanup ------ BEGIN ------
[13/11/2017 11:53] INFO __main__ server_cleanup 572: Server_Cleanup - SAVING CHANGES
[13/11/2017 11:53] INFO __main__ server_cleanup 577: Server_Cleanup ------ END ------
[13/11/2017 11:53] INFO __main__ channel_cleanup 394: Channel_Cleanup ------ BEGIN ------
[13/11/2017 11:53] INFO __main__ channel_cleanup 400: Channel_Cleanup - Server: TEST WV Pokemon Go - BEGIN CHECKING SERVER
[13/11/2017 11:53] INFO __main__ channel_cleanup 411: Channel_Cleanup - Server: TEST WV Pokemon Go: Channel:entei-test - CHECKING
[13/11/2017 11:53] INFO __main__ channel_cleanup 421: Channel_Cleanup - Server: TEST WV Pokemon Go: Channel:entei-test - EXISTS IN DISCORD
[13/11/2017 11:53] INFO __main__ channel_cleanup 502: Channel_Cleanup - Server: TEST WV Pokemon Go: Channel:entei-test - MISSING FROM EXPIRY CHECK
[13/11/2017 11:53] INFO __main__ channel_cleanup 411: Channel_Cleanup - Server: TEST WV Pokemon Go: Channel:suicune-test - CHECKING
[13/11/2017 11:53] INFO __main__ channel_cleanup 421: Channel_Cleanup - Server: TEST WV Pokemon Go: Channel:suicune-test - EXISTS IN DISCORD
[13/11/2017 11:53] INFO __main__ channel_cleanup 502: Channel_Cleanup - Server: TEST WV Pokemon Go: Channel:suicune-test - MISSING FROM EXPIRY CHECK
[13/11/2017 11:53] INFO __main__ channel_cleanup 411: Channel_Cleanup - Server: TEST WV Pokemon Go: Channel:raikou-test - CHECKING
[13/11/2017 11:53] INFO __main__ channel_cleanup 421: Channel_Cleanup - Server: TEST WV Pokemon Go: Channel:raikou-test - EXISTS IN DISCORD
[13/11/2017 11:53] INFO __main__ channel_cleanup 502: Channel_Cleanup - Server: TEST WV Pokemon Go: Channel:raikou-test - MISSING FROM EXPIRY CHECK
[13/11/2017 11:53] INFO __main__ channel_cleanup 411: Channel_Cleanup - Server: TEST WV Pokemon Go: Channel:exraid-egg-test - CHECKING
[13/11/2017 11:53] INFO __main__ channel_cleanup 418: Channel_Cleanup - Server: TEST WV Pokemon Go: Channel:exraid-egg-test - DOESN'T EXIST IN DISCORD
[13/11/2017 11:53] INFO __main__ channel_cleanup 510: Channel_Cleanup - Channel Savedata Cleared - exraid-egg-test
[13/11/2017 11:53] INFO __main__ channel_cleanup 517: Channel_Cleanup - Channel Deleted - exraid-egg-test
[13/11/2017 11:53] INFO __main__ channel_cleanup 537: Channel_Cleanup - SAVING CHANGES
[13/11/2017 11:53] INFO __main__ channel_cleanup 542: Channel_Cleanup ------ END ------
[13/11/2017 11:53] INFO __main__ expiry_check 267: Expiry_Check - entei-test
[13/11/2017 11:53] INFO __main__ expiry_check 272: Expire_Channel - Channel Added To Watchlist - entei-test
[13/11/2017 11:53] INFO __main__ expiry_check 267: Expiry_Check - suicune-test
[13/11/2017 11:53] INFO __main__ expiry_check 272: Expire_Channel - Channel Added To Watchlist - suicune-test
[13/11/2017 11:53] INFO __main__ expiry_check 267: Expiry_Check - raikou-test
[13/11/2017 11:53] INFO __main__ expiry_check 272: Expire_Channel - Channel Added To Watchlist - raikou-test
[13/11/2017 11:53] INFO __main__ expiry_check 267: Expiry_Check - exraid-egg-test
[13/11/2017 11:53] INFO __main__ expiry_check 272: Expire_Channel - Channel Added To Watchlist - exraid-egg-test
[13/11/2017 11:53] INFO __main__ expiry_check 267: Expiry_Check - exraid-egg-test
[13/11/2017 11:53] INFO __main__ <module> 54: Serverdict Loaded Successfully
[13/11/2017 11:53] INFO __main__ _print 586: Starting up...
[13/11/2017 11:53] INFO __main__ _print 586: Meowth! That's right!

1 servers connected.
13 members found.
[13/11/2017 11:53] INFO __main__ maint_start 592: Maintenance Tasks Started
[13/11/2017 11:53] INFO __main__ server_cleanup 550: Server_Cleanup ------ BEGIN ------
[13/11/2017 11:53] INFO __main__ server_cleanup 572: Server_Cleanup - SAVING CHANGES
[13/11/2017 11:53] INFO __main__ server_cleanup 577: Server_Cleanup ------ END ------
[13/11/2017 11:53] INFO __main__ channel_cleanup 394: Channel_Cleanup ------ BEGIN ------
[13/11/2017 11:53] INFO __main__ channel_cleanup 400: Channel_Cleanup - Server: TEST WV Pokemon Go - BEGIN CHECKING SERVER
[13/11/2017 11:53] INFO __main__ channel_cleanup 411: Channel_Cleanup - Server: TEST WV Pokemon Go: Channel:entei-test - CHECKING
[13/11/2017 11:53] INFO __main__ channel_cleanup 421: Channel_Cleanup - Server: TEST WV Pokemon Go: Channel:entei-test - EXISTS IN DISCORD
[13/11/2017 11:53] INFO __main__ channel_cleanup 502: Channel_Cleanup - Server: TEST WV Pokemon Go: Channel:entei-test - MISSING FROM EXPIRY CHECK
[13/11/2017 11:53] INFO __main__ channel_cleanup 411: Channel_Cleanup - Server: TEST WV Pokemon Go: Channel:suicune-test - CHECKING
[13/11/2017 11:53] INFO __main__ channel_cleanup 421: Channel_Cleanup - Server: TEST WV Pokemon Go: Channel:suicune-test - EXISTS IN DISCORD
[13/11/2017 11:53] INFO __main__ channel_cleanup 502: Channel_Cleanup - Server: TEST WV Pokemon Go: Channel:suicune-test - MISSING FROM EXPIRY CHECK
[13/11/2017 11:53] INFO __main__ channel_cleanup 411: Channel_Cleanup - Server: TEST WV Pokemon Go: Channel:raikou-test - CHECKING
[13/11/2017 11:53] INFO __main__ channel_cleanup 421: Channel_Cleanup - Server: TEST WV Pokemon Go: Channel:raikou-test - EXISTS IN DISCORD
[13/11/2017 11:53] INFO __main__ channel_cleanup 502: Channel_Cleanup - Server: TEST WV Pokemon Go: Channel:raikou-test - MISSING FROM EXPIRY CHECK
[13/11/2017 11:53] INFO __main__ channel_cleanup 411: Channel_Cleanup - Server: TEST WV Pokemon Go: Channel:exraid-egg-test - CHECKING
[13/11/2017 11:53] INFO __main__ channel_cleanup 421: Channel_Cleanup - Server: TEST WV Pokemon Go: Channel:exraid-egg-test - EXISTS IN DISCORD
[13/11/2017 11:53] INFO __main__ channel_cleanup 474: Channel_Cleanup - Server: TEST WV Pokemon Go: Channel:exraid-egg-test - EXRAID
[13/11/2017 11:53] INFO __main__ channel_cleanup 537: Channel_Cleanup - SAVING CHANGES
[13/11/2017 11:53] INFO __main__ channel_cleanup 542: Channel_Cleanup ------ END ------
[13/11/2017 11:53] INFO __main__ expiry_check 267: Expiry_Check - entei-test
[13/11/2017 11:53] INFO __main__ expiry_check 272: Expire_Channel - Channel Added To Watchlist - entei-test
[13/11/2017 11:53] INFO __main__ expiry_check 267: Expiry_Check - suicune-test
[13/11/2017 11:53] INFO __main__ expiry_check 272: Expire_Channel - Channel Added To Watchlist - suicune-test
[13/11/2017 11:53] INFO __main__ expiry_check 267: Expiry_Check - raikou-test
[13/11/2017 11:53] INFO __main__ expiry_check 272: Expire_Channel - Channel Added To Watchlist - raikou-test
[13/11/2017 11:55] INFO __main__ <module> 54: Serverdict Loaded Successfully
[13/11/2017 11:55] INFO __main__ _print 586: Starting up...
[13/11/2017 11:55] INFO __main__ _print 586: Meowth! That's right!

1 servers connected.
13 members found.
[13/11/2017 11:55] INFO __main__ maint_start 592: Maintenance Tasks Started
[13/11/2017 11:55] INFO __main__ server_cleanup 550: Server_Cleanup ------ BEGIN ------
[13/11/2017 11:55] INFO __main__ server_cleanup 572: Server_Cleanup - SAVING CHANGES
[13/11/2017 11:55] INFO __main__ server_cleanup 577: Server_Cleanup ------ END ------
[13/11/2017 11:55] INFO __main__ channel_cleanup 394: Channel_Cleanup ------ BEGIN ------
[13/11/2017 11:55] INFO __main__ channel_cleanup 400: Channel_Cleanup - Server: TEST WV Pokemon Go - BEGIN CHECKING SERVER
[13/11/2017 11:55] INFO __main__ channel_cleanup 411: Channel_Cleanup - Server: TEST WV Pokemon Go: Channel:entei-test - CHECKING
[13/11/2017 11:55] INFO __main__ channel_cleanup 421: Channel_Cleanup - Server: TEST WV Pokemon Go: Channel:entei-test - EXISTS IN DISCORD
[13/11/2017 11:55] INFO __main__ channel_cleanup 502: Channel_Cleanup - Server: TEST WV Pokemon Go: Channel:entei-test - MISSING FROM EXPIRY CHECK
[13/11/2017 11:55] INFO __main__ channel_cleanup 411: Channel_Cleanup - Server: TEST WV Pokemon Go: Channel:suicune-test - CHECKING
[13/11/2017 11:55] INFO __main__ channel_cleanup 421: Channel_Cleanup - Server: TEST WV Pokemon Go: Channel:suicune-test - EXISTS IN DISCORD
[13/11/2017 11:55] INFO __main__ channel_cleanup 502: Channel_Cleanup - Server: TEST WV Pokemon Go: Channel:suicune-test - MISSING FROM EXPIRY CHECK
[13/11/2017 11:55] INFO __main__ channel_cleanup 411: Channel_Cleanup - Server: TEST WV Pokemon Go: Channel:raikou-test - CHECKING
[13/11/2017 11:55] INFO __main__ channel_cleanup 421: Channel_Cleanup - Server: TEST WV Pokemon Go: Channel:raikou-test - EXISTS IN DISCORD
[13/11/2017 11:55] INFO __main__ channel_cleanup 502: Channel_Cleanup - Server: TEST WV Pokemon Go: Channel:raikou-test - MISSING FROM EXPIRY CHECK
[13/11/2017 11:55] INFO __main__ channel_cleanup 411: Channel_Cleanup - Server: TEST WV Pokemon Go: Channel:exraid-egg-test - CHECKING
[13/11/2017 11:55] INFO __main__ channel_cleanup 421: Channel_Cleanup - Server: TEST WV Pokemon Go: Channel:exraid-egg-test - EXISTS IN DISCORD
[13/11/2017 11:55] INFO __main__ channel_cleanup 474: Channel_Cleanup - Server: TEST WV Pokemon Go: Channel:exraid-egg-test - EXRAID
[13/11/2017 11:55] INFO __main__ channel_cleanup 537: Channel_Cleanup - SAVING CHANGES
[13/11/2017 11:55] INFO __main__ channel_cleanup 542: Channel_Cleanup ------ END ------
[13/11/2017 11:55] INFO __main__ expiry_check 267: Expiry_Check - entei-test
[13/11/2017 11:55] INFO __main__ expiry_check 272: Expire_Channel - Channel Added To Watchlist - entei-test
[13/11/2017 11:55] INFO __main__ expiry_check 267: Expiry_Check - suicune-test
[13/11/2017 11:55] INFO __main__ expiry_check 272: Expire_Channel - Channel Added To Watchlist - suicune-test
[13/11/2017 11:55] INFO __main__ expiry_check 267: Expiry_Check - raikou-test
[13/11/2017 11:55] INFO __main__ expiry_check 272: Expire_Channel - Channel Added To Watchlist - raikou-test
[13/11/2017 12:05] INFO __main__ channel_cleanup 394: Channel_Cleanup ------ BEGIN ------
[13/11/2017 12:05] INFO __main__ channel_cleanup 400: Channel_Cleanup - Server: TEST WV Pokemon Go - BEGIN CHECKING SERVER
[13/11/2017 12:05] INFO __main__ channel_cleanup 411: Channel_Cleanup - Server: TEST WV Pokemon Go: Channel:entei-test - CHECKING
[13/11/2017 12:05] INFO __main__ channel_cleanup 421: Channel_Cleanup - Server: TEST WV Pokemon Go: Channel:entei-test - EXISTS IN DISCORD
[13/11/2017 12:05] INFO __main__ channel_cleanup 411: Channel_Cleanup - Server: TEST WV Pokemon Go: Channel:suicune-test - CHECKING
[13/11/2017 12:05] INFO __main__ channel_cleanup 421: Channel_Cleanup - Server: TEST WV Pokemon Go: Channel:suicune-test - EXISTS IN DISCORD
[13/11/2017 12:05] INFO __main__ channel_cleanup 411: Channel_Cleanup - Server: TEST WV Pokemon Go: Channel:raikou-test - CHECKING
[13/11/2017 12:05] INFO __main__ channel_cleanup 421: Channel_Cleanup - Server: TEST WV Pokemon Go: Channel:raikou-test - EXISTS IN DISCORD
[13/11/2017 12:05] INFO __main__ channel_cleanup 411: Channel_Cleanup - Server: TEST WV Pokemon Go: Channel:exraid-egg-test - CHECKING
[13/11/2017 12:05] INFO __main__ channel_cleanup 421: Channel_Cleanup - Server: TEST WV Pokemon Go: Channel:exraid-egg-test - EXISTS IN DISCORD
[13/11/2017 12:05] INFO __main__ channel_cleanup 474: Channel_Cleanup - Server: TEST WV Pokemon Go: Channel:exraid-egg-test - EXRAID
[13/11/2017 12:05] INFO __main__ channel_cleanup 537: Channel_Cleanup - SAVING CHANGES
[13/11/2017 12:05] INFO __main__ channel_cleanup 542: Channel_Cleanup ------ END ------
[13/11/2017 12:15] INFO __main__ channel_cleanup 394: Channel_Cleanup ------ BEGIN ------
[13/11/2017 12:15] INFO __main__ channel_cleanup 400: Channel_Cleanup - Server: TEST WV Pokemon Go - BEGIN CHECKING SERVER
[13/11/2017 12:15] INFO __main__ channel_cleanup 411: Channel_Cleanup - Server: TEST WV Pokemon Go: Channel:entei-test - CHECKING
[13/11/2017 12:15] INFO __main__ channel_cleanup 421: Channel_Cleanup - Server: TEST WV Pokemon Go: Channel:entei-test - EXISTS IN DISCORD
[13/11/2017 12:15] INFO __main__ channel_cleanup 411: Channel_Cleanup - Server: TEST WV Pokemon Go: Channel:suicune-test - CHECKING
[13/11/2017 12:15] INFO __main__ channel_cleanup 421: Channel_Cleanup - Server: TEST WV Pokemon Go: Channel:suicune-test - EXISTS IN DISCORD
[13/11/2017 12:15] INFO __main__ channel_cleanup 411: Channel_Cleanup - Server: TEST WV Pokemon Go: Channel:raikou-test - CHECKING
[13/11/2017 12:15] INFO __main__ channel_cleanup 421: Channel_Cleanup - Server: TEST WV Pokemon Go: Channel:raikou-test - EXISTS IN DISCORD
[13/11/2017 12:15] INFO __main__ channel_cleanup 411: Channel_Cleanup - Server: TEST WV Pokemon Go: Channel:exraid-egg-test - CHECKING
[13/11/2017 12:15] INFO __main__ channel_cleanup 421: Channel_Cleanup - Server: TEST WV Pokemon Go: Channel:exraid-egg-test - EXISTS IN DISCORD
[13/11/2017 12:15] INFO __main__ channel_cleanup 474: Channel_Cleanup - Server: TEST WV Pokemon Go: Channel:exraid-egg-test - EXRAID
[13/11/2017 12:15] INFO __main__ channel_cleanup 537: Channel_Cleanup - SAVING CHANGES
[13/11/2017 12:15] INFO __main__ channel_cleanup 542: Channel_Cleanup ------ END ------
[13/11/2017 12:18] ERROR errors on_command_error 195: CommandInvokeError
Traceback (most recent call last):
  File "C:\Users\Brenen\AppData\Local\Programs\Python\Python36-32\lib\site-packages\discord\ext\commands\core.py", line 50, in wrapped
    ret = yield from coro(*args, **kwargs)
  File "meowth\__main__.py", line 1791, in timer
    timerstr = await print_raid_timer(ctx.message.channel)
  File "meowth\__main__.py", line 1673, in print_raid_timer
    localexpiresecs = server_dict[channel.server]['raidchannel_dict'][channel]['exp'] + 3600 * server_dict[channel.server]['offset']
TypeError: unsupported operand type(s) for +: 'NoneType' and 'float'

The above exception was the direct cause of the following exception:

Traceback (most recent call last):
  File "C:\Users\Brenen\AppData\Local\Programs\Python\Python36-32\lib\site-packages\discord\ext\commands\bot.py", line 846, in process_commands
    yield from command.invoke(ctx)
  File "C:\Users\Brenen\AppData\Local\Programs\Python\Python36-32\lib\site-packages\discord\ext\commands\core.py", line 374, in invoke
    yield from injected(*ctx.args, **ctx.kwargs)
  File "C:\Users\Brenen\AppData\Local\Programs\Python\Python36-32\lib\site-packages\discord\ext\commands\core.py", line 54, in wrapped
    raise CommandInvokeError(e) from e
discord.ext.commands.errors.CommandInvokeError: Command raised an exception: TypeError: unsupported operand type(s) for +: 'NoneType' and 'float'
[13/11/2017 12:19] INFO __main__ expiry_check 267: Expiry_Check - exraid-egg-test
[13/11/2017 12:19] INFO __main__ expiry_check 272: Expire_Channel - Channel Added To Watchlist - exraid-egg-test
[13/11/2017 12:19] INFO __main__ expiry_check 267: Expiry_Check - exraid-egg-test
[13/11/2017 12:20] ERROR errors on_command_error 195: CommandInvokeError
Traceback (most recent call last):
  File "C:\Users\Brenen\AppData\Local\Programs\Python\Python36-32\lib\site-packages\discord\ext\commands\core.py", line 50, in wrapped
    ret = yield from coro(*args, **kwargs)
  File "meowth\__main__.py", line 1791, in timer
    timerstr = await print_raid_timer(ctx.message.channel)
  File "meowth\__main__.py", line 1673, in print_raid_timer
    localexpiresecs = server_dict[channel.server]['raidchannel_dict'][channel]['exp'] + 3600 * server_dict[channel.server]['offset']
TypeError: unsupported operand type(s) for +: 'NoneType' and 'float'

The above exception was the direct cause of the following exception:

Traceback (most recent call last):
  File "C:\Users\Brenen\AppData\Local\Programs\Python\Python36-32\lib\site-packages\discord\ext\commands\bot.py", line 846, in process_commands
    yield from command.invoke(ctx)
  File "C:\Users\Brenen\AppData\Local\Programs\Python\Python36-32\lib\site-packages\discord\ext\commands\core.py", line 374, in invoke
    yield from injected(*ctx.args, **ctx.kwargs)
  File "C:\Users\Brenen\AppData\Local\Programs\Python\Python36-32\lib\site-packages\discord\ext\commands\core.py", line 54, in wrapped
    raise CommandInvokeError(e) from e
discord.ext.commands.errors.CommandInvokeError: Command raised an exception: TypeError: unsupported operand type(s) for +: 'NoneType' and 'float'
[13/11/2017 12:25] INFO __main__ server_cleanup 550: Server_Cleanup ------ BEGIN ------
[13/11/2017 12:25] INFO __main__ server_cleanup 572: Server_Cleanup - SAVING CHANGES
[13/11/2017 12:25] INFO __main__ server_cleanup 577: Server_Cleanup ------ END ------
[13/11/2017 12:25] INFO __main__ channel_cleanup 394: Channel_Cleanup ------ BEGIN ------
[13/11/2017 12:25] INFO __main__ channel_cleanup 400: Channel_Cleanup - Server: TEST WV Pokemon Go - BEGIN CHECKING SERVER
[13/11/2017 12:25] INFO __main__ channel_cleanup 411: Channel_Cleanup - Server: TEST WV Pokemon Go: Channel:entei-test - CHECKING
[13/11/2017 12:25] INFO __main__ channel_cleanup 418: Channel_Cleanup - Server: TEST WV Pokemon Go: Channel:entei-test - DOESN'T EXIST IN DISCORD
[13/11/2017 12:25] INFO __main__ channel_cleanup 411: Channel_Cleanup - Server: TEST WV Pokemon Go: Channel:suicune-test - CHECKING
[13/11/2017 12:25] INFO __main__ channel_cleanup 418: Channel_Cleanup - Server: TEST WV Pokemon Go: Channel:suicune-test - DOESN'T EXIST IN DISCORD
[13/11/2017 12:25] INFO __main__ channel_cleanup 411: Channel_Cleanup - Server: TEST WV Pokemon Go: Channel:raikou-test - CHECKING
[13/11/2017 12:25] INFO __main__ channel_cleanup 418: Channel_Cleanup - Server: TEST WV Pokemon Go: Channel:raikou-test - DOESN'T EXIST IN DISCORD
[13/11/2017 12:25] INFO __main__ channel_cleanup 411: Channel_Cleanup - Server: TEST WV Pokemon Go: Channel:exraid-egg-test - CHECKING
[13/11/2017 12:25] INFO __main__ channel_cleanup 418: Channel_Cleanup - Server: TEST WV Pokemon Go: Channel:exraid-egg-test - DOESN'T EXIST IN DISCORD
[13/11/2017 12:25] INFO __main__ channel_cleanup 411: Channel_Cleanup - Server: TEST WV Pokemon Go: Channel:exraid-egg-test - CHECKING
[13/11/2017 12:25] INFO __main__ channel_cleanup 421: Channel_Cleanup - Server: TEST WV Pokemon Go: Channel:exraid-egg-test - EXISTS IN DISCORD
[13/11/2017 12:25] INFO __main__ channel_cleanup 474: Channel_Cleanup - Server: TEST WV Pokemon Go: Channel:exraid-egg-test - EXRAID
[13/11/2017 12:25] INFO __main__ channel_cleanup 510: Channel_Cleanup - Channel Savedata Cleared - entei-test
[13/11/2017 12:25] INFO __main__ channel_cleanup 517: Channel_Cleanup - Channel Deleted - entei-test
[13/11/2017 12:25] INFO __main__ channel_cleanup 510: Channel_Cleanup - Channel Savedata Cleared - suicune-test
[13/11/2017 12:25] INFO __main__ channel_cleanup 517: Channel_Cleanup - Channel Deleted - suicune-test
[13/11/2017 12:25] INFO __main__ channel_cleanup 510: Channel_Cleanup - Channel Savedata Cleared - raikou-test
[13/11/2017 12:25] INFO __main__ channel_cleanup 517: Channel_Cleanup - Channel Deleted - raikou-test
[13/11/2017 12:25] INFO __main__ channel_cleanup 510: Channel_Cleanup - Channel Savedata Cleared - exraid-egg-test
[13/11/2017 12:25] INFO __main__ channel_cleanup 517: Channel_Cleanup - Channel Deleted - exraid-egg-test
[13/11/2017 12:25] INFO __main__ channel_cleanup 537: Channel_Cleanup - SAVING CHANGES
[13/11/2017 12:25] INFO __main__ channel_cleanup 542: Channel_Cleanup ------ END ------
[13/11/2017 12:26] INFO __main__ <module> 54: Serverdict Loaded Successfully
[13/11/2017 12:26] INFO __main__ _print 586: Starting up...
[13/11/2017 12:26] INFO __main__ _print 586: Meowth! That's right!

1 servers connected.
13 members found.
[13/11/2017 12:26] INFO __main__ maint_start 592: Maintenance Tasks Started
[13/11/2017 12:26] INFO __main__ server_cleanup 550: Server_Cleanup ------ BEGIN ------
[13/11/2017 12:26] INFO __main__ server_cleanup 572: Server_Cleanup - SAVING CHANGES
[13/11/2017 12:26] INFO __main__ server_cleanup 577: Server_Cleanup ------ END ------
[13/11/2017 12:26] INFO __main__ channel_cleanup 394: Channel_Cleanup ------ BEGIN ------
[13/11/2017 12:26] INFO __main__ channel_cleanup 400: Channel_Cleanup - Server: TEST WV Pokemon Go - BEGIN CHECKING SERVER
[13/11/2017 12:26] INFO __main__ channel_cleanup 411: Channel_Cleanup - Server: TEST WV Pokemon Go: Channel:exraid-egg-test - CHECKING
[13/11/2017 12:26] INFO __main__ channel_cleanup 421: Channel_Cleanup - Server: TEST WV Pokemon Go: Channel:exraid-egg-test - EXISTS IN DISCORD
[13/11/2017 12:26] INFO __main__ channel_cleanup 474: Channel_Cleanup - Server: TEST WV Pokemon Go: Channel:exraid-egg-test - EXRAID
[13/11/2017 12:26] INFO __main__ channel_cleanup 537: Channel_Cleanup - SAVING CHANGES
[13/11/2017 12:26] INFO __main__ channel_cleanup 542: Channel_Cleanup ------ END ------
[13/11/2017 12:27] INFO __main__ expiry_check 267: Expiry_Check - exraid-egg-test
[13/11/2017 12:27] INFO __main__ expiry_check 272: Expire_Channel - Channel Added To Watchlist - exraid-egg-test
[13/11/2017 12:27] INFO __main__ expiry_check 267: Expiry_Check - exraid-egg-test
[13/11/2017 12:30] INFO __main__ <module> 54: Serverdict Loaded Successfully
[13/11/2017 12:30] INFO __main__ _print 586: Starting up...
[13/11/2017 12:30] INFO __main__ _print 586: Meowth! That's right!

1 servers connected.
13 members found.
[13/11/2017 12:30] INFO __main__ maint_start 592: Maintenance Tasks Started
[13/11/2017 12:30] INFO __main__ server_cleanup 550: Server_Cleanup ------ BEGIN ------
[13/11/2017 12:30] INFO __main__ server_cleanup 572: Server_Cleanup - SAVING CHANGES
[13/11/2017 12:30] INFO __main__ server_cleanup 577: Server_Cleanup ------ END ------
[13/11/2017 12:30] INFO __main__ channel_cleanup 394: Channel_Cleanup ------ BEGIN ------
[13/11/2017 12:30] INFO __main__ channel_cleanup 400: Channel_Cleanup - Server: TEST WV Pokemon Go - BEGIN CHECKING SERVER
[13/11/2017 12:30] INFO __main__ channel_cleanup 411: Channel_Cleanup - Server: TEST WV Pokemon Go: Channel:exraid-egg-test - CHECKING
[13/11/2017 12:30] INFO __main__ channel_cleanup 418: Channel_Cleanup - Server: TEST WV Pokemon Go: Channel:exraid-egg-test - DOESN'T EXIST IN DISCORD
[13/11/2017 12:30] INFO __main__ channel_cleanup 411: Channel_Cleanup - Server: TEST WV Pokemon Go: Channel:exraid-egg-test - CHECKING
[13/11/2017 12:30] INFO __main__ channel_cleanup 421: Channel_Cleanup - Server: TEST WV Pokemon Go: Channel:exraid-egg-test - EXISTS IN DISCORD
[13/11/2017 12:30] INFO __main__ channel_cleanup 470: Channel_Cleanup - Server: TEST WV Pokemon Go: Channel:exraid-egg-test - EXRAID - CONVERTED TO EXPIRY None
[13/11/2017 12:30] INFO __main__ channel_cleanup 474: Channel_Cleanup - Server: TEST WV Pokemon Go: Channel:exraid-egg-test - EXRAID
[13/11/2017 12:30] INFO __main__ channel_cleanup 510: Channel_Cleanup - Channel Savedata Cleared - exraid-egg-test
[13/11/2017 12:30] INFO __main__ channel_cleanup 517: Channel_Cleanup - Channel Deleted - exraid-egg-test
[13/11/2017 12:30] INFO __main__ channel_cleanup 537: Channel_Cleanup - SAVING CHANGES
[13/11/2017 12:30] INFO __main__ channel_cleanup 542: Channel_Cleanup ------ END ------
[13/11/2017 12:30] ERROR errors on_command_error 195: CommandInvokeError
Traceback (most recent call last):
  File "C:\Users\Brenen\AppData\Local\Programs\Python\Python36-32\lib\site-packages\discord\ext\commands\core.py", line 50, in wrapped
    ret = yield from coro(*args, **kwargs)
  File "meowth\__main__.py", line 1791, in timer
    timerstr = await print_raid_timer(ctx.message.channel)
  File "meowth\__main__.py", line 1673, in print_raid_timer
    localexpiresecs = server_dict[channel.server]['raidchannel_dict'][channel]['exp'] + 3600 * server_dict[channel.server]['offset']
TypeError: unsupported operand type(s) for +: 'NoneType' and 'float'

The above exception was the direct cause of the following exception:

Traceback (most recent call last):
  File "C:\Users\Brenen\AppData\Local\Programs\Python\Python36-32\lib\site-packages\discord\ext\commands\bot.py", line 846, in process_commands
    yield from command.invoke(ctx)
  File "C:\Users\Brenen\AppData\Local\Programs\Python\Python36-32\lib\site-packages\discord\ext\commands\core.py", line 374, in invoke
    yield from injected(*ctx.args, **ctx.kwargs)
  File "C:\Users\Brenen\AppData\Local\Programs\Python\Python36-32\lib\site-packages\discord\ext\commands\core.py", line 54, in wrapped
    raise CommandInvokeError(e) from e
discord.ext.commands.errors.CommandInvokeError: Command raised an exception: TypeError: unsupported operand type(s) for +: 'NoneType' and 'float'
[13/11/2017 12:30] ERROR errors on_command_error 195: CommandInvokeError
Traceback (most recent call last):
  File "C:\Users\Brenen\AppData\Local\Programs\Python\Python36-32\lib\site-packages\discord\ext\commands\core.py", line 50, in wrapped
    ret = yield from coro(*args, **kwargs)
  File "meowth\__main__.py", line 1791, in timer
    timerstr = await print_raid_timer(ctx.message.channel)
  File "meowth\__main__.py", line 1673, in print_raid_timer
    localexpiresecs = server_dict[channel.server]['raidchannel_dict'][channel]['exp'] + 3600 * server_dict[channel.server]['offset']
TypeError: unsupported operand type(s) for +: 'NoneType' and 'float'

The above exception was the direct cause of the following exception:

Traceback (most recent call last):
  File "C:\Users\Brenen\AppData\Local\Programs\Python\Python36-32\lib\site-packages\discord\ext\commands\bot.py", line 846, in process_commands
    yield from command.invoke(ctx)
  File "C:\Users\Brenen\AppData\Local\Programs\Python\Python36-32\lib\site-packages\discord\ext\commands\core.py", line 374, in invoke
    yield from injected(*ctx.args, **ctx.kwargs)
  File "C:\Users\Brenen\AppData\Local\Programs\Python\Python36-32\lib\site-packages\discord\ext\commands\core.py", line 54, in wrapped
    raise CommandInvokeError(e) from e
discord.ext.commands.errors.CommandInvokeError: Command raised an exception: TypeError: unsupported operand type(s) for +: 'NoneType' and 'float'
[13/11/2017 12:32] INFO __main__ expiry_check 267: Expiry_Check - exraid-egg-test
[13/11/2017 12:32] INFO __main__ expiry_check 272: Expire_Channel - Channel Added To Watchlist - exraid-egg-test
[13/11/2017 12:32] INFO __main__ expiry_check 267: Expiry_Check - exraid-egg-test
[13/11/2017 12:32] INFO __main__ <module> 54: Serverdict Loaded Successfully
[13/11/2017 12:32] INFO __main__ _print 586: Starting up...
[13/11/2017 12:32] INFO __main__ _print 586: Meowth! That's right!

1 servers connected.
13 members found.
[13/11/2017 12:32] INFO __main__ maint_start 592: Maintenance Tasks Started
[13/11/2017 12:32] INFO __main__ server_cleanup 550: Server_Cleanup ------ BEGIN ------
[13/11/2017 12:32] INFO __main__ server_cleanup 572: Server_Cleanup - SAVING CHANGES
[13/11/2017 12:32] INFO __main__ server_cleanup 577: Server_Cleanup ------ END ------
[13/11/2017 12:32] INFO __main__ channel_cleanup 394: Channel_Cleanup ------ BEGIN ------
[13/11/2017 12:32] INFO __main__ channel_cleanup 400: Channel_Cleanup - Server: TEST WV Pokemon Go - BEGIN CHECKING SERVER
[13/11/2017 12:32] INFO __main__ channel_cleanup 411: Channel_Cleanup - Server: TEST WV Pokemon Go: Channel:exraid-egg-test - CHECKING
[13/11/2017 12:32] INFO __main__ channel_cleanup 418: Channel_Cleanup - Server: TEST WV Pokemon Go: Channel:exraid-egg-test - DOESN'T EXIST IN DISCORD
[13/11/2017 12:32] INFO __main__ channel_cleanup 411: Channel_Cleanup - Server: TEST WV Pokemon Go: Channel:exraid-egg-test - CHECKING
[13/11/2017 12:32] INFO __main__ channel_cleanup 421: Channel_Cleanup - Server: TEST WV Pokemon Go: Channel:exraid-egg-test - EXISTS IN DISCORD
[13/11/2017 12:32] INFO __main__ channel_cleanup 470: Channel_Cleanup - Server: TEST WV Pokemon Go: Channel:exraid-egg-test - EXRAID - CONVERTED TO EXPIRY None
[13/11/2017 12:32] INFO __main__ channel_cleanup 474: Channel_Cleanup - Server: TEST WV Pokemon Go: Channel:exraid-egg-test - EXRAID
[13/11/2017 12:32] INFO __main__ channel_cleanup 510: Channel_Cleanup - Channel Savedata Cleared - exraid-egg-test
[13/11/2017 12:32] INFO __main__ channel_cleanup 517: Channel_Cleanup - Channel Deleted - exraid-egg-test
[13/11/2017 12:32] INFO __main__ channel_cleanup 537: Channel_Cleanup - SAVING CHANGES
[13/11/2017 12:32] INFO __main__ channel_cleanup 542: Channel_Cleanup ------ END ------
[13/11/2017 12:32] ERROR errors on_command_error 195: CommandInvokeError
Traceback (most recent call last):
  File "C:\Users\Brenen\AppData\Local\Programs\Python\Python36-32\lib\site-packages\discord\ext\commands\core.py", line 50, in wrapped
    ret = yield from coro(*args, **kwargs)
  File "meowth\__main__.py", line 1791, in timer
    timerstr = await print_raid_timer(ctx.message.channel)
  File "meowth\__main__.py", line 1673, in print_raid_timer
    localexpiresecs = server_dict[channel.server]['raidchannel_dict'][channel]['exp'] + 3600 * server_dict[channel.server]['offset']
TypeError: unsupported operand type(s) for +: 'NoneType' and 'float'

The above exception was the direct cause of the following exception:

Traceback (most recent call last):
  File "C:\Users\Brenen\AppData\Local\Programs\Python\Python36-32\lib\site-packages\discord\ext\commands\bot.py", line 846, in process_commands
    yield from command.invoke(ctx)
  File "C:\Users\Brenen\AppData\Local\Programs\Python\Python36-32\lib\site-packages\discord\ext\commands\core.py", line 374, in invoke
    yield from injected(*ctx.args, **ctx.kwargs)
  File "C:\Users\Brenen\AppData\Local\Programs\Python\Python36-32\lib\site-packages\discord\ext\commands\core.py", line 54, in wrapped
    raise CommandInvokeError(e) from e
discord.ext.commands.errors.CommandInvokeError: Command raised an exception: TypeError: unsupported operand type(s) for +: 'NoneType' and 'float'
[13/11/2017 12:33] ERROR errors on_command_error 195: CommandInvokeError
Traceback (most recent call last):
  File "C:\Users\Brenen\AppData\Local\Programs\Python\Python36-32\lib\site-packages\discord\ext\commands\core.py", line 50, in wrapped
    ret = yield from coro(*args, **kwargs)
  File "meowth\__main__.py", line 1791, in timer
    timerstr = await print_raid_timer(ctx.message.channel)
  File "meowth\__main__.py", line 1673, in print_raid_timer
    localexpiresecs = server_dict[channel.server]['raidchannel_dict'][channel]['exp'] + 3600 * server_dict[channel.server]['offset']
TypeError: unsupported operand type(s) for +: 'NoneType' and 'float'

The above exception was the direct cause of the following exception:

Traceback (most recent call last):
  File "C:\Users\Brenen\AppData\Local\Programs\Python\Python36-32\lib\site-packages\discord\ext\commands\bot.py", line 846, in process_commands
    yield from command.invoke(ctx)
  File "C:\Users\Brenen\AppData\Local\Programs\Python\Python36-32\lib\site-packages\discord\ext\commands\core.py", line 374, in invoke
    yield from injected(*ctx.args, **ctx.kwargs)
  File "C:\Users\Brenen\AppData\Local\Programs\Python\Python36-32\lib\site-packages\discord\ext\commands\core.py", line 54, in wrapped
    raise CommandInvokeError(e) from e
discord.ext.commands.errors.CommandInvokeError: Command raised an exception: TypeError: unsupported operand type(s) for +: 'NoneType' and 'float'
[13/11/2017 13:08] INFO __main__ <module> 54: Serverdict Loaded Successfully
[13/11/2017 13:08] INFO __main__ _print 576: Starting up...
[13/11/2017 13:08] INFO __main__ _print 576: Meowth! That's right!

1 servers connected.
13 members found.
[13/11/2017 13:08] INFO __main__ maint_start 582: Maintenance Tasks Started
[13/11/2017 13:08] INFO __main__ server_cleanup 540: Server_Cleanup ------ BEGIN ------
[13/11/2017 13:08] INFO __main__ server_cleanup 562: Server_Cleanup - SAVING CHANGES
[13/11/2017 13:08] INFO __main__ server_cleanup 567: Server_Cleanup ------ END ------
[13/11/2017 13:08] INFO __main__ channel_cleanup 394: Channel_Cleanup ------ BEGIN ------
[13/11/2017 13:08] INFO __main__ channel_cleanup 400: Channel_Cleanup - Server: TEST WV Pokemon Go - BEGIN CHECKING SERVER
[13/11/2017 13:08] INFO __main__ channel_cleanup 411: Channel_Cleanup - Server: TEST WV Pokemon Go: Channel:exraid-egg-test - CHECKING
[13/11/2017 13:08] INFO __main__ channel_cleanup 418: Channel_Cleanup - Server: TEST WV Pokemon Go: Channel:exraid-egg-test - DOESN'T EXIST IN DISCORD
[13/11/2017 13:08] INFO __main__ channel_cleanup 500: Channel_Cleanup - Channel Savedata Cleared - exraid-egg-test
[13/11/2017 13:08] INFO __main__ channel_cleanup 507: Channel_Cleanup - Channel Deleted - exraid-egg-test
[13/11/2017 13:08] INFO __main__ channel_cleanup 527: Channel_Cleanup - SAVING CHANGES
[13/11/2017 13:08] INFO __main__ channel_cleanup 532: Channel_Cleanup ------ END ------
[13/11/2017 13:09] INFO __main__ expiry_check 267: Expiry_Check - exraid-egg-tet
[13/11/2017 13:09] INFO __main__ expiry_check 272: Expire_Channel - Channel Added To Watchlist - exraid-egg-tet
[13/11/2017 13:09] INFO __main__ expiry_check 267: Expiry_Check - exraid-egg-tet
[13/11/2017 13:12] INFO __main__ <module> 54: Serverdict Loaded Successfully
[13/11/2017 13:12] INFO __main__ _print 576: Starting up...
[13/11/2017 13:12] INFO __main__ _print 576: Meowth! That's right!

1 servers connected.
13 members found.
[13/11/2017 13:12] INFO __main__ maint_start 582: Maintenance Tasks Started
[13/11/2017 13:12] INFO __main__ server_cleanup 540: Server_Cleanup ------ BEGIN ------
[13/11/2017 13:12] INFO __main__ server_cleanup 562: Server_Cleanup - SAVING CHANGES
[13/11/2017 13:12] INFO __main__ server_cleanup 567: Server_Cleanup ------ END ------
[13/11/2017 13:12] INFO __main__ channel_cleanup 394: Channel_Cleanup ------ BEGIN ------
[13/11/2017 13:12] INFO __main__ channel_cleanup 400: Channel_Cleanup - Server: TEST WV Pokemon Go - BEGIN CHECKING SERVER
[13/11/2017 13:12] INFO __main__ channel_cleanup 411: Channel_Cleanup - Server: TEST WV Pokemon Go: Channel:exraid-egg-tet - CHECKING
[13/11/2017 13:12] INFO __main__ channel_cleanup 421: Channel_Cleanup - Server: TEST WV Pokemon Go: Channel:exraid-egg-tet - EXISTS IN DISCORD
[13/11/2017 13:12] INFO __main__ channel_cleanup 464: Channel_Cleanup - Server: TEST WV Pokemon Go: Channel:exraid-egg-tet - EXRAID
[13/11/2017 13:12] INFO __main__ channel_cleanup 527: Channel_Cleanup - SAVING CHANGES
[13/11/2017 13:12] INFO __main__ channel_cleanup 532: Channel_Cleanup ------ END ------
[13/11/2017 13:13] INFO __main__ <module> 54: Serverdict Loaded Successfully
[13/11/2017 13:14] INFO __main__ _print 576: Starting up...
[13/11/2017 13:14] INFO __main__ _print 576: Meowth! That's right!

1 servers connected.
13 members found.
[13/11/2017 13:14] INFO __main__ maint_start 582: Maintenance Tasks Started
[13/11/2017 13:14] INFO __main__ server_cleanup 540: Server_Cleanup ------ BEGIN ------
[13/11/2017 13:14] INFO __main__ server_cleanup 562: Server_Cleanup - SAVING CHANGES
[13/11/2017 13:14] INFO __main__ server_cleanup 567: Server_Cleanup ------ END ------
[13/11/2017 13:14] INFO __main__ channel_cleanup 394: Channel_Cleanup ------ BEGIN ------
[13/11/2017 13:14] INFO __main__ channel_cleanup 400: Channel_Cleanup - Server: TEST WV Pokemon Go - BEGIN CHECKING SERVER
[13/11/2017 13:14] INFO __main__ channel_cleanup 411: Channel_Cleanup - Server: TEST WV Pokemon Go: Channel:exraid-egg-tet - CHECKING
[13/11/2017 13:14] INFO __main__ channel_cleanup 421: Channel_Cleanup - Server: TEST WV Pokemon Go: Channel:exraid-egg-tet - EXISTS IN DISCORD
[13/11/2017 13:14] INFO __main__ channel_cleanup 464: Channel_Cleanup - Server: TEST WV Pokemon Go: Channel:exraid-egg-tet - EXRAID
[13/11/2017 13:14] INFO __main__ channel_cleanup 527: Channel_Cleanup - SAVING CHANGES
[13/11/2017 13:14] INFO __main__ channel_cleanup 532: Channel_Cleanup ------ END ------
[13/11/2017 13:14] INFO __main__ expiry_check 267: Expiry_Check - exraid-egg-test
[13/11/2017 13:14] INFO __main__ expiry_check 272: Expire_Channel - Channel Added To Watchlist - exraid-egg-test
[13/11/2017 13:14] INFO __main__ expiry_check 267: Expiry_Check - exraid-egg-test
[13/11/2017 13:20] INFO __main__ expiry_check 267: Expiry_Check - exraid-egg-test
[13/11/2017 13:20] INFO __main__ expiry_check 272: Expire_Channel - Channel Added To Watchlist - exraid-egg-test
[13/11/2017 13:20] INFO __main__ expiry_check 267: Expiry_Check - exraid-egg-test
[13/11/2017 13:22] INFO __main__ <module> 54: Serverdict Loaded Successfully
[13/11/2017 13:22] INFO __main__ _print 576: Starting up...
[13/11/2017 13:22] INFO __main__ _print 576: Meowth! That's right!

1 servers connected.
13 members found.
[13/11/2017 13:22] INFO __main__ maint_start 582: Maintenance Tasks Started
[13/11/2017 13:22] INFO __main__ server_cleanup 540: Server_Cleanup ------ BEGIN ------
[13/11/2017 13:22] INFO __main__ server_cleanup 562: Server_Cleanup - SAVING CHANGES
[13/11/2017 13:22] INFO __main__ server_cleanup 567: Server_Cleanup ------ END ------
[13/11/2017 13:22] INFO __main__ channel_cleanup 394: Channel_Cleanup ------ BEGIN ------
[13/11/2017 13:22] INFO __main__ channel_cleanup 400: Channel_Cleanup - Server: TEST WV Pokemon Go - BEGIN CHECKING SERVER
[13/11/2017 13:22] INFO __main__ channel_cleanup 411: Channel_Cleanup - Server: TEST WV Pokemon Go: Channel:exraid-egg-tet - CHECKING
[13/11/2017 13:22] INFO __main__ channel_cleanup 418: Channel_Cleanup - Server: TEST WV Pokemon Go: Channel:exraid-egg-tet - DOESN'T EXIST IN DISCORD
[13/11/2017 13:22] INFO __main__ channel_cleanup 411: Channel_Cleanup - Server: TEST WV Pokemon Go: Channel:exraid-egg-test - CHECKING
[13/11/2017 13:22] INFO __main__ channel_cleanup 418: Channel_Cleanup - Server: TEST WV Pokemon Go: Channel:exraid-egg-test - DOESN'T EXIST IN DISCORD
[13/11/2017 13:22] INFO __main__ channel_cleanup 411: Channel_Cleanup - Server: TEST WV Pokemon Go: Channel:exraid-egg-test - CHECKING
[13/11/2017 13:22] INFO __main__ channel_cleanup 421: Channel_Cleanup - Server: TEST WV Pokemon Go: Channel:exraid-egg-test - EXISTS IN DISCORD
[13/11/2017 13:22] INFO __main__ channel_cleanup 464: Channel_Cleanup - Server: TEST WV Pokemon Go: Channel:exraid-egg-test - EXRAID
[13/11/2017 13:22] INFO __main__ channel_cleanup 500: Channel_Cleanup - Channel Savedata Cleared - exraid-egg-tet
[13/11/2017 13:22] INFO __main__ channel_cleanup 507: Channel_Cleanup - Channel Deleted - exraid-egg-tet
[13/11/2017 13:22] INFO __main__ channel_cleanup 500: Channel_Cleanup - Channel Savedata Cleared - exraid-egg-test
[13/11/2017 13:22] INFO __main__ channel_cleanup 507: Channel_Cleanup - Channel Deleted - exraid-egg-test
[13/11/2017 13:22] INFO __main__ channel_cleanup 527: Channel_Cleanup - SAVING CHANGES
[13/11/2017 13:22] INFO __main__ channel_cleanup 532: Channel_Cleanup ------ END ------
[13/11/2017 13:23] INFO __main__ <module> 54: Serverdict Loaded Successfully
[13/11/2017 13:23] INFO __main__ _print 576: Starting up...
[13/11/2017 13:23] INFO __main__ _print 576: Meowth! That's right!

1 servers connected.
13 members found.
[13/11/2017 13:23] INFO __main__ maint_start 582: Maintenance Tasks Started
[13/11/2017 13:23] INFO __main__ server_cleanup 540: Server_Cleanup ------ BEGIN ------
[13/11/2017 13:23] INFO __main__ server_cleanup 562: Server_Cleanup - SAVING CHANGES
[13/11/2017 13:23] INFO __main__ server_cleanup 567: Server_Cleanup ------ END ------
[13/11/2017 13:23] INFO __main__ channel_cleanup 394: Channel_Cleanup ------ BEGIN ------
[13/11/2017 13:23] INFO __main__ channel_cleanup 400: Channel_Cleanup - Server: TEST WV Pokemon Go - BEGIN CHECKING SERVER
[13/11/2017 13:23] INFO __main__ channel_cleanup 411: Channel_Cleanup - Server: TEST WV Pokemon Go: Channel:exraid-egg-test - CHECKING
[13/11/2017 13:23] INFO __main__ channel_cleanup 421: Channel_Cleanup - Server: TEST WV Pokemon Go: Channel:exraid-egg-test - EXISTS IN DISCORD
[13/11/2017 13:23] INFO __main__ channel_cleanup 464: Channel_Cleanup - Server: TEST WV Pokemon Go: Channel:exraid-egg-test - EXRAID
[13/11/2017 13:23] INFO __main__ channel_cleanup 527: Channel_Cleanup - SAVING CHANGES
[13/11/2017 13:23] INFO __main__ channel_cleanup 532: Channel_Cleanup ------ END ------
[13/11/2017 13:23] INFO __main__ <module> 54: Serverdict Loaded Successfully
[13/11/2017 13:23] INFO __main__ _print 576: Starting up...
[13/11/2017 13:23] INFO __main__ _print 576: Meowth! That's right!

1 servers connected.
13 members found.
[13/11/2017 13:23] INFO __main__ maint_start 582: Maintenance Tasks Started
[13/11/2017 13:23] INFO __main__ server_cleanup 540: Server_Cleanup ------ BEGIN ------
[13/11/2017 13:23] INFO __main__ server_cleanup 562: Server_Cleanup - SAVING CHANGES
[13/11/2017 13:23] INFO __main__ server_cleanup 567: Server_Cleanup ------ END ------
[13/11/2017 13:23] INFO __main__ channel_cleanup 394: Channel_Cleanup ------ BEGIN ------
[13/11/2017 13:23] INFO __main__ channel_cleanup 400: Channel_Cleanup - Server: TEST WV Pokemon Go - BEGIN CHECKING SERVER
[13/11/2017 13:23] INFO __main__ channel_cleanup 411: Channel_Cleanup - Server: TEST WV Pokemon Go: Channel:exraid-egg-test - CHECKING
[13/11/2017 13:23] INFO __main__ channel_cleanup 421: Channel_Cleanup - Server: TEST WV Pokemon Go: Channel:exraid-egg-test - EXISTS IN DISCORD
[13/11/2017 13:23] INFO __main__ channel_cleanup 464: Channel_Cleanup - Server: TEST WV Pokemon Go: Channel:exraid-egg-test - EXRAID
[13/11/2017 13:23] INFO __main__ channel_cleanup 527: Channel_Cleanup - SAVING CHANGES
[13/11/2017 13:23] INFO __main__ channel_cleanup 532: Channel_Cleanup ------ END ------
[13/11/2017 13:23] INFO __main__ expiry_check 267: Expiry_Check - exraid-egg-test
[13/11/2017 13:23] INFO __main__ expiry_check 272: Expire_Channel - Channel Added To Watchlist - exraid-egg-test
[13/11/2017 13:23] INFO __main__ expiry_check 267: Expiry_Check - exraid-egg-test
[13/11/2017 13:26] INFO __main__ <module> 54: Serverdict Loaded Successfully
[13/11/2017 13:26] INFO __main__ _print 576: Starting up...
[13/11/2017 13:26] INFO __main__ _print 576: Meowth! That's right!

1 servers connected.
13 members found.
[13/11/2017 13:26] INFO __main__ maint_start 582: Maintenance Tasks Started
[13/11/2017 13:26] INFO __main__ server_cleanup 540: Server_Cleanup ------ BEGIN ------
[13/11/2017 13:26] INFO __main__ server_cleanup 562: Server_Cleanup - SAVING CHANGES
[13/11/2017 13:26] INFO __main__ server_cleanup 567: Server_Cleanup ------ END ------
[13/11/2017 13:26] INFO __main__ channel_cleanup 394: Channel_Cleanup ------ BEGIN ------
[13/11/2017 13:26] INFO __main__ channel_cleanup 400: Channel_Cleanup - Server: TEST WV Pokemon Go - BEGIN CHECKING SERVER
[13/11/2017 13:26] INFO __main__ channel_cleanup 411: Channel_Cleanup - Server: TEST WV Pokemon Go: Channel:exraid-egg-test - CHECKING
[13/11/2017 13:26] INFO __main__ channel_cleanup 418: Channel_Cleanup - Server: TEST WV Pokemon Go: Channel:exraid-egg-test - DOESN'T EXIST IN DISCORD
[13/11/2017 13:26] INFO __main__ channel_cleanup 411: Channel_Cleanup - Server: TEST WV Pokemon Go: Channel:exraid-egg-test - CHECKING
[13/11/2017 13:26] INFO __main__ channel_cleanup 421: Channel_Cleanup - Server: TEST WV Pokemon Go: Channel:exraid-egg-test - EXISTS IN DISCORD
[13/11/2017 13:26] INFO __main__ channel_cleanup 464: Channel_Cleanup - Server: TEST WV Pokemon Go: Channel:exraid-egg-test - EXRAID
[13/11/2017 13:26] INFO __main__ channel_cleanup 500: Channel_Cleanup - Channel Savedata Cleared - exraid-egg-test
[13/11/2017 13:26] INFO __main__ channel_cleanup 507: Channel_Cleanup - Channel Deleted - exraid-egg-test
[13/11/2017 13:26] INFO __main__ channel_cleanup 527: Channel_Cleanup - SAVING CHANGES
[13/11/2017 13:26] INFO __main__ channel_cleanup 532: Channel_Cleanup ------ END ------
[13/11/2017 13:28] INFO __main__ <module> 54: Serverdict Loaded Successfully
[13/11/2017 13:28] INFO __main__ _print 576: Starting up...
[13/11/2017 13:28] INFO __main__ _print 576: Meowth! That's right!

1 servers connected.
13 members found.
[13/11/2017 13:28] INFO __main__ maint_start 582: Maintenance Tasks Started
[13/11/2017 13:28] INFO __main__ server_cleanup 540: Server_Cleanup ------ BEGIN ------
[13/11/2017 13:28] INFO __main__ server_cleanup 562: Server_Cleanup - SAVING CHANGES
[13/11/2017 13:28] INFO __main__ server_cleanup 567: Server_Cleanup ------ END ------
[13/11/2017 13:28] INFO __main__ channel_cleanup 394: Channel_Cleanup ------ BEGIN ------
[13/11/2017 13:28] INFO __main__ channel_cleanup 400: Channel_Cleanup - Server: TEST WV Pokemon Go - BEGIN CHECKING SERVER
[13/11/2017 13:28] INFO __main__ channel_cleanup 411: Channel_Cleanup - Server: TEST WV Pokemon Go: Channel:exraid-egg-test - CHECKING
[13/11/2017 13:28] INFO __main__ channel_cleanup 421: Channel_Cleanup - Server: TEST WV Pokemon Go: Channel:exraid-egg-test - EXISTS IN DISCORD
[13/11/2017 13:28] INFO __main__ channel_cleanup 464: Channel_Cleanup - Server: TEST WV Pokemon Go: Channel:exraid-egg-test - EXRAID
[13/11/2017 13:28] INFO __main__ channel_cleanup 527: Channel_Cleanup - SAVING CHANGES
[13/11/2017 13:28] INFO __main__ channel_cleanup 532: Channel_Cleanup ------ END ------
[13/11/2017 13:28] ERROR errors on_command_error 195: CommandInvokeError
Traceback (most recent call last):
  File "C:\Users\Brenen\AppData\Local\Programs\Python\Python36-32\lib\site-packages\discord\ext\commands\core.py", line 50, in wrapped
    ret = yield from coro(*args, **kwargs)
  File "meowth\__main__.py", line 1746, in ex
    diff = end - now
UnboundLocalError: local variable 'end' referenced before assignment

The above exception was the direct cause of the following exception:

Traceback (most recent call last):
  File "C:\Users\Brenen\AppData\Local\Programs\Python\Python36-32\lib\site-packages\discord\ext\commands\bot.py", line 846, in process_commands
    yield from command.invoke(ctx)
  File "C:\Users\Brenen\AppData\Local\Programs\Python\Python36-32\lib\site-packages\discord\ext\commands\core.py", line 634, in invoke
    yield from ctx.invoked_subcommand.invoke(ctx)
  File "C:\Users\Brenen\AppData\Local\Programs\Python\Python36-32\lib\site-packages\discord\ext\commands\core.py", line 374, in invoke
    yield from injected(*ctx.args, **ctx.kwargs)
  File "C:\Users\Brenen\AppData\Local\Programs\Python\Python36-32\lib\site-packages\discord\ext\commands\core.py", line 54, in wrapped
    raise CommandInvokeError(e) from e
discord.ext.commands.errors.CommandInvokeError: Command raised an exception: UnboundLocalError: local variable 'end' referenced before assignment
[13/11/2017 13:35] INFO __main__ <module> 54: Serverdict Loaded Successfully
[13/11/2017 13:35] INFO __main__ _print 576: Starting up...
[13/11/2017 13:35] INFO __main__ _print 576: Meowth! That's right!

1 servers connected.
13 members found.
[13/11/2017 13:35] INFO __main__ maint_start 582: Maintenance Tasks Started
[13/11/2017 13:35] INFO __main__ server_cleanup 540: Server_Cleanup ------ BEGIN ------
[13/11/2017 13:35] INFO __main__ server_cleanup 562: Server_Cleanup - SAVING CHANGES
[13/11/2017 13:35] INFO __main__ server_cleanup 567: Server_Cleanup ------ END ------
[13/11/2017 13:35] INFO __main__ channel_cleanup 394: Channel_Cleanup ------ BEGIN ------
[13/11/2017 13:35] INFO __main__ channel_cleanup 400: Channel_Cleanup - Server: TEST WV Pokemon Go - BEGIN CHECKING SERVER
[13/11/2017 13:35] INFO __main__ channel_cleanup 411: Channel_Cleanup - Server: TEST WV Pokemon Go: Channel:exraid-egg-test - CHECKING
[13/11/2017 13:35] INFO __main__ channel_cleanup 421: Channel_Cleanup - Server: TEST WV Pokemon Go: Channel:exraid-egg-test - EXISTS IN DISCORD
[13/11/2017 13:35] INFO __main__ channel_cleanup 464: Channel_Cleanup - Server: TEST WV Pokemon Go: Channel:exraid-egg-test - EXRAID
[13/11/2017 13:35] INFO __main__ channel_cleanup 527: Channel_Cleanup - SAVING CHANGES
[13/11/2017 13:35] INFO __main__ channel_cleanup 532: Channel_Cleanup ------ END ------
[13/11/2017 13:35] INFO __main__ expiry_check 267: Expiry_Check - exraid-egg-test
[13/11/2017 13:35] INFO __main__ expiry_check 272: Expire_Channel - Channel Added To Watchlist - exraid-egg-test
[13/11/2017 13:35] INFO __main__ expiry_check 267: Expiry_Check - exraid-egg-test
[13/11/2017 13:35] ERROR errors on_command_error 195: CommandInvokeError
Traceback (most recent call last):
  File "C:\Users\Brenen\AppData\Local\Programs\Python\Python36-32\lib\site-packages\discord\ext\commands\core.py", line 50, in wrapped
    ret = yield from coro(*args, **kwargs)
  File "meowth\__main__.py", line 1746, in ex
    diff = end - now
UnboundLocalError: local variable 'end' referenced before assignment

The above exception was the direct cause of the following exception:

Traceback (most recent call last):
  File "C:\Users\Brenen\AppData\Local\Programs\Python\Python36-32\lib\site-packages\discord\ext\commands\bot.py", line 846, in process_commands
    yield from command.invoke(ctx)
  File "C:\Users\Brenen\AppData\Local\Programs\Python\Python36-32\lib\site-packages\discord\ext\commands\core.py", line 634, in invoke
    yield from ctx.invoked_subcommand.invoke(ctx)
  File "C:\Users\Brenen\AppData\Local\Programs\Python\Python36-32\lib\site-packages\discord\ext\commands\core.py", line 374, in invoke
    yield from injected(*ctx.args, **ctx.kwargs)
  File "C:\Users\Brenen\AppData\Local\Programs\Python\Python36-32\lib\site-packages\discord\ext\commands\core.py", line 54, in wrapped
    raise CommandInvokeError(e) from e
discord.ext.commands.errors.CommandInvokeError: Command raised an exception: UnboundLocalError: local variable 'end' referenced before assignment
[13/11/2017 13:39] INFO __main__ expiry_check 267: Expiry_Check - exraid-egg-test
[13/11/2017 13:39] INFO __main__ expiry_check 272: Expire_Channel - Channel Added To Watchlist - exraid-egg-test
[13/11/2017 13:39] INFO __main__ expiry_check 267: Expiry_Check - exraid-egg-test
[13/11/2017 13:39] ERROR errors on_command_error 195: CommandInvokeError
Traceback (most recent call last):
  File "C:\Users\Brenen\AppData\Local\Programs\Python\Python36-32\lib\site-packages\discord\ext\commands\core.py", line 50, in wrapped
    ret = yield from coro(*args, **kwargs)
  File "meowth\__main__.py", line 1746, in ex
    await Meowth.send_message(channel, _("Your timer wasn't formatted correctly, the correct format for the current time is: **{}**. Change your **!timerset ex** to match this format and try again.").format(now.strftime('%B %d %I:%M %p')))
UnboundLocalError: local variable 'end' referenced before assignment

The above exception was the direct cause of the following exception:

Traceback (most recent call last):
  File "C:\Users\Brenen\AppData\Local\Programs\Python\Python36-32\lib\site-packages\discord\ext\commands\bot.py", line 846, in process_commands
    yield from command.invoke(ctx)
  File "C:\Users\Brenen\AppData\Local\Programs\Python\Python36-32\lib\site-packages\discord\ext\commands\core.py", line 634, in invoke
    yield from ctx.invoked_subcommand.invoke(ctx)
  File "C:\Users\Brenen\AppData\Local\Programs\Python\Python36-32\lib\site-packages\discord\ext\commands\core.py", line 374, in invoke
    yield from injected(*ctx.args, **ctx.kwargs)
  File "C:\Users\Brenen\AppData\Local\Programs\Python\Python36-32\lib\site-packages\discord\ext\commands\core.py", line 54, in wrapped
    raise CommandInvokeError(e) from e
discord.ext.commands.errors.CommandInvokeError: Command raised an exception: UnboundLocalError: local variable 'end' referenced before assignment
[13/11/2017 13:45] INFO __main__ channel_cleanup 394: Channel_Cleanup ------ BEGIN ------
[13/11/2017 13:45] INFO __main__ channel_cleanup 400: Channel_Cleanup - Server: TEST WV Pokemon Go - BEGIN CHECKING SERVER
[13/11/2017 13:45] INFO __main__ channel_cleanup 411: Channel_Cleanup - Server: TEST WV Pokemon Go: Channel:exraid-egg-test - CHECKING
[13/11/2017 13:45] INFO __main__ channel_cleanup 418: Channel_Cleanup - Server: TEST WV Pokemon Go: Channel:exraid-egg-test - DOESN'T EXIST IN DISCORD
[13/11/2017 13:45] INFO __main__ channel_cleanup 411: Channel_Cleanup - Server: TEST WV Pokemon Go: Channel:exraid-egg-test - CHECKING
[13/11/2017 13:45] INFO __main__ channel_cleanup 418: Channel_Cleanup - Server: TEST WV Pokemon Go: Channel:exraid-egg-test - DOESN'T EXIST IN DISCORD
[13/11/2017 13:45] INFO __main__ channel_cleanup 411: Channel_Cleanup - Server: TEST WV Pokemon Go: Channel:exraid-egg-test - CHECKING
[13/11/2017 13:45] INFO __main__ channel_cleanup 421: Channel_Cleanup - Server: TEST WV Pokemon Go: Channel:exraid-egg-test - EXISTS IN DISCORD
[13/11/2017 13:45] INFO __main__ channel_cleanup 464: Channel_Cleanup - Server: TEST WV Pokemon Go: Channel:exraid-egg-test - EXRAID
[13/11/2017 13:45] INFO __main__ channel_cleanup 500: Channel_Cleanup - Channel Savedata Cleared - exraid-egg-test
[13/11/2017 13:45] INFO __main__ channel_cleanup 507: Channel_Cleanup - Channel Deleted - exraid-egg-test
[13/11/2017 13:45] INFO __main__ channel_cleanup 500: Channel_Cleanup - Channel Savedata Cleared - exraid-egg-test
[13/11/2017 13:45] INFO __main__ channel_cleanup 507: Channel_Cleanup - Channel Deleted - exraid-egg-test
[13/11/2017 13:45] INFO __main__ channel_cleanup 527: Channel_Cleanup - SAVING CHANGES
[13/11/2017 13:45] INFO __main__ channel_cleanup 532: Channel_Cleanup ------ END ------
